#
# There is insufficient memory for the Java Runtime Environment to continue.
# Native memory allocation (malloc) failed to allocate 1064896 bytes for Chunk::new
# Possible reasons:
#   The system is out of physical RAM or swap space
#   The process is running with CompressedOops enabled, and the Java Heap may be blocking the growth of the native heap
# Possible solutions:
#   Reduce memory load on the system
#   Increase physical memory or swap space
#   Check if swap backing store is full
#   Decrease Java heap size (-Xmx/-Xms)
#   Decrease number of Java threads
#   Decrease Java thread stack sizes (-Xss)
#   Set larger code cache with -XX:ReservedCodeCacheSize=
#   JVM is running with Unscaled Compressed Oops mode in which the Java heap is
#     placed in the first 4GB address space. The Java Heap base address is the
#     maximum limit for the native heap growth. Please use -XX:HeapBaseMinAddress
#     to set the Java Heap base and to place the Java Heap above 4GB virtual address.
# This output file may be truncated or incomplete.
#
#  Out of Memory Error (allocation.cpp:389), pid=22152, tid=0x0000000000001138
#
# JRE version: Java(TM) SE Runtime Environment (8.0_241-b07) (build 1.8.0_241-b07)
# Java VM: Java HotSpot(TM) 64-Bit Server VM (25.241-b07 mixed mode windows-amd64 compressed oops)
# Failed to write core dump. Minidumps are not enabled by default on client versions of Windows
#

---------------  T H R E A D  ---------------

Current thread (0x0000000019a56000):  JavaThread "C2 CompilerThread0" daemon [_thread_in_native, id=4408, stack(0x000000001af50000,0x000000001b050000)]

Stack: [0x000000001af50000,0x000000001b050000]
[error occurred during error reporting (printing stack bounds), id 0xc0000005]

Native frames: (J=compiled Java code, j=interpreted, Vv=VM code, C=native code)


Current CompileTask:
C2:  32178 19252 %     4       com.sun.tools.javac.file.ZipFileIndex$ZipDirectory::readEntry @ 102 (587 bytes)


---------------  P R O C E S S  ---------------

Java Threads: ( => current thread )
  0x0000000029a55800 JavaThread "WorkerExecutor Queue Thread 15" [_thread_blocked, id=4828, stack(0x0000000030d30000,0x0000000030e30000)]
  0x000000001f16e800 JavaThread "WorkerExecutor Queue Thread 14" [_thread_blocked, id=27120, stack(0x0000000030a30000,0x0000000030b30000)]
  0x000000001f16e000 JavaThread "WorkerExecutor Queue Thread 13" [_thread_blocked, id=14756, stack(0x00000000306b0000,0x00000000307b0000)]
  0x000000001f162000 JavaThread "WorkerExecutor Queue Thread 12" [_thread_blocked, id=15200, stack(0x0000000030380000,0x0000000030480000)]
  0x000000001f168800 JavaThread "WorkerExecutor Queue Thread 11" [_thread_blocked, id=6580, stack(0x00000000307f0000,0x00000000308f0000)]
  0x000000001f163800 JavaThread "Cache worker for Java compile cache (C:\codepath\SimpleToDo\.gradle\6.1.1\javaCompile)" [_thread_blocked, id=24212, stack(0x000000002de80000,0x000000002df80000)]
  0x000000001f168000 JavaThread "Cache worker for Java compile cache (C:\Users\frank\.gradle\caches\6.1.1\javaCompile)" [_thread_blocked, id=19176, stack(0x000000002c260000,0x000000002c360000)]
  0x000000001f165000 JavaThread "WorkerExecutor Queue Thread 10" [_thread_blocked, id=13564, stack(0x000000002d380000,0x000000002d480000)]
  0x000000001f164000 JavaThread "ForkJoinPool.commonPool-worker-10" daemon [_thread_blocked, id=23700, stack(0x000000002e480000,0x000000002e580000)]
  0x00000000223a6800 JavaThread "ForkJoinPool.commonPool-worker-1" daemon [_thread_blocked, id=28220, stack(0x000000002e380000,0x000000002e480000)]
  0x00000000223a5000 JavaThread "ForkJoinPool.commonPool-worker-8" daemon [_thread_blocked, id=17312, stack(0x000000002e280000,0x000000002e380000)]
  0x00000000223a7000 JavaThread "ForkJoinPool.commonPool-worker-15" daemon [_thread_blocked, id=18772, stack(0x000000002e180000,0x000000002e280000)]
  0x00000000223a3800 JavaThread "ForkJoinPool.commonPool-worker-6" daemon [_thread_blocked, id=26816, stack(0x000000002e080000,0x000000002e180000)]
  0x00000000223a2800 JavaThread "ForkJoinPool.commonPool-worker-13" daemon [_thread_blocked, id=27372, stack(0x000000002df80000,0x000000002e080000)]
  0x00000000223a2000 JavaThread "ForkJoinPool.commonPool-worker-11" daemon [_thread_blocked, id=13160, stack(0x000000002dd80000,0x000000002de80000)]
  0x00000000223a5800 JavaThread "ForkJoinPool.commonPool-worker-2" daemon [_thread_blocked, id=26740, stack(0x000000002d830000,0x000000002d930000)]
  0x000000002239a800 JavaThread "ForkJoinPool.commonPool-worker-9" daemon [_thread_blocked, id=28036, stack(0x000000002d4b0000,0x000000002d5b0000)]
  0x00000000223a1000 JavaThread "stdout" [_thread_in_native, id=25716, stack(0x000000002da80000,0x000000002db80000)]
  0x0000000022399800 JavaThread "stderr" [_thread_in_native, id=18476, stack(0x000000002d980000,0x000000002da80000)]
  0x00000000223a0800 JavaThread "stdout" [_thread_in_native, id=25060, stack(0x000000002d730000,0x000000002d830000)]
  0x000000002239f000 JavaThread "stderr" [_thread_in_native, id=13276, stack(0x000000002d630000,0x000000002d730000)]
  0x0000000022399000 JavaThread "stdout" [_thread_in_native, id=17616, stack(0x000000002d280000,0x000000002d380000)]
  0x000000002239f800 JavaThread "stderr" [_thread_in_native, id=24724, stack(0x000000002d180000,0x000000002d280000)]
  0x000000002239e000 JavaThread "WorkerExecutor Queue Thread 9" [_thread_blocked, id=18152, stack(0x000000002ce60000,0x000000002cf60000)]
  0x000000002239b000 JavaThread "stdout" [_thread_in_native, id=27872, stack(0x000000002d080000,0x000000002d180000)]
  0x000000002239d800 JavaThread "stderr" [_thread_in_native, id=28388, stack(0x000000002cf80000,0x000000002d080000)]
  0x000000002239c800 JavaThread "stdout" [_thread_in_native, id=15092, stack(0x000000002cd60000,0x000000002ce60000)]
  0x0000000022398000 JavaThread "stderr" [_thread_in_native, id=6164, stack(0x000000002cc60000,0x000000002cd60000)]
  0x000000002239c000 JavaThread "stdout" [_thread_in_native, id=27940, stack(0x000000002cb60000,0x000000002cc60000)]
  0x0000000020e9b800 JavaThread "stderr" [_thread_in_native, id=13984, stack(0x000000002ca60000,0x000000002cb60000)]
  0x0000000020ea0000 JavaThread "stdout" [_thread_in_native, id=1576, stack(0x000000002c960000,0x000000002ca60000)]
  0x0000000020e9f800 JavaThread "stderr" [_thread_in_native, id=22120, stack(0x000000002c860000,0x000000002c960000)]
  0x0000000020e9e000 JavaThread "stdout" [_thread_in_native, id=25832, stack(0x000000002bec0000,0x000000002bfc0000)]
  0x0000000020e9b000 JavaThread "stderr" [_thread_in_native, id=26000, stack(0x000000002bb50000,0x000000002bc50000)]
  0x0000000020e9c800 JavaThread "WorkerExecutor Queue Thread 8" [_thread_blocked, id=25256, stack(0x000000002c760000,0x000000002c860000)]
  0x0000000020e9e800 JavaThread "WorkerExecutor Queue Thread 7" [_thread_blocked, id=3228, stack(0x000000002c660000,0x000000002c760000)]
  0x0000000020e99800 JavaThread "WorkerExecutor Queue Thread 6" [_thread_blocked, id=13304, stack(0x000000002c560000,0x000000002c660000)]
  0x0000000023d88000 JavaThread "WorkerExecutor Queue Thread 4" [_thread_blocked, id=312, stack(0x000000002c360000,0x000000002c460000)]
  0x0000000023d85000 JavaThread "WorkerExecutor Queue Thread 2" [_thread_blocked, id=22852, stack(0x000000002c160000,0x000000002c260000)]
  0x0000000023d84800 JavaThread "WorkerExecutor Queue" [_thread_blocked, id=28644, stack(0x000000002c060000,0x000000002c160000)]
  0x0000000023d86800 JavaThread "stdout" [_thread_in_native, id=26272, stack(0x000000002ba50000,0x000000002bb50000)]
  0x0000000023d83800 JavaThread "stderr" [_thread_in_native, id=27192, stack(0x000000002b950000,0x000000002ba50000)]
  0x0000000023d86000 JavaThread "pool-6-thread-1" [_thread_blocked, id=24904, stack(0x000000002b850000,0x000000002b950000)]
  0x0000000023d83000 JavaThread "Cache worker for execution history cache (C:\codepath\SimpleToDo\.gradle\6.1.1\executionHistory)" [_thread_blocked, id=24648, stack(0x000000002b750000,0x000000002b850000)]
  0x0000000023d82000 JavaThread "Execution worker for ':' Thread 11" [_thread_blocked, id=9424, stack(0x000000002b450000,0x000000002b550000)]
  0x0000000023d7a800 JavaThread "Execution worker for ':' Thread 10" [_thread_blocked, id=13140, stack(0x000000002b350000,0x000000002b450000)]
  0x0000000023d81800 JavaThread "Execution worker for ':' Thread 9" [_thread_blocked, id=23296, stack(0x000000002b250000,0x000000002b350000)]
  0x0000000023d7a000 JavaThread "Execution worker for ':' Thread 8" [_thread_blocked, id=28364, stack(0x000000002b150000,0x000000002b250000)]
  0x0000000023d7f000 JavaThread "Execution worker for ':' Thread 7" [_thread_blocked, id=22568, stack(0x000000002b050000,0x000000002b150000)]
  0x0000000023d80000 JavaThread "Execution worker for ':' Thread 6" [_thread_blocked, id=28412, stack(0x000000002af50000,0x000000002b050000)]
  0x0000000023d7e800 JavaThread "Execution worker for ':' Thread 5" [_thread_blocked, id=24012, stack(0x000000002ae50000,0x000000002af50000)]
  0x0000000023d80800 JavaThread "Execution worker for ':' Thread 4" [_thread_blocked, id=8836, stack(0x000000002ad50000,0x000000002ae50000)]
  0x0000000023d7b800 JavaThread "Execution worker for ':' Thread 3" [_thread_blocked, id=19976, stack(0x000000002a890000,0x000000002a990000)]
  0x0000000023d7d800 JavaThread "Execution worker for ':' Thread 2" [_thread_blocked, id=21012, stack(0x000000002a790000,0x000000002a890000)]
  0x0000000023d7d000 JavaThread "Execution worker for ':'" [_thread_blocked, id=22720, stack(0x000000002a450000,0x000000002a550000)]
  0x0000000022b83000 JavaThread "Cache worker for file content cache (C:\codepath\SimpleToDo\.gradle\6.1.1\fileContent)" [_thread_blocked, id=26960, stack(0x000000002a690000,0x000000002a790000)]
  0x0000000022b7f000 JavaThread "Cache worker for file content cache (C:\Users\frank\.gradle\caches\6.1.1\fileContent)" [_thread_blocked, id=12068, stack(0x000000002a590000,0x000000002a690000)]
  0x0000000022b86000 JavaThread "Memory manager" [_thread_blocked, id=22112, stack(0x000000002a350000,0x000000002a450000)]
  0x0000000022b82000 JavaThread "Cache worker for Build Output Cleanup Cache (C:\codepath\SimpleToDo\.gradle\buildOutputCleanup)" [_thread_blocked, id=28564, stack(0x0000000026e90000,0x0000000026f90000)]
  0x0000000022b80000 JavaThread "Build operations Thread 12" [_thread_blocked, id=27684, stack(0x0000000026750000,0x0000000026850000)]
  0x0000000022b85800 JavaThread "Build operations Thread 11" [_thread_blocked, id=26900, stack(0x0000000025d20000,0x0000000025e20000)]
  0x0000000022b83800 JavaThread "Build operations Thread 10" [_thread_blocked, id=3656, stack(0x0000000025620000,0x0000000025720000)]
  0x0000000022b81800 JavaThread "Build operations Thread 9" [_thread_blocked, id=22296, stack(0x0000000025520000,0x0000000025620000)]
  0x0000000022b84800 JavaThread "Build operations Thread 8" [_thread_blocked, id=26864, stack(0x0000000025420000,0x0000000025520000)]
  0x0000000022b77800 JavaThread "Build operations Thread 7" [_thread_blocked, id=27004, stack(0x0000000025320000,0x0000000025420000)]
  0x0000000022b7e800 JavaThread "Build operations Thread 6" [_thread_blocked, id=5288, stack(0x0000000025220000,0x0000000025320000)]
  0x0000000022b7a000 JavaThread "Build operations Thread 5" [_thread_blocked, id=26052, stack(0x0000000025120000,0x0000000025220000)]
  0x0000000022b77000 JavaThread "Build operations Thread 4" [_thread_blocked, id=23660, stack(0x0000000025020000,0x0000000025120000)]
  0x0000000022b7b800 JavaThread "Build operations Thread 3" [_thread_blocked, id=23668, stack(0x0000000024f20000,0x0000000025020000)]
  0x0000000022b7d800 JavaThread "Build operations Thread 2" [_thread_blocked, id=26048, stack(0x0000000024e20000,0x0000000024f20000)]
  0x0000000022b78800 JavaThread "Build operations" [_thread_blocked, id=10828, stack(0x0000000024d20000,0x0000000024e20000)]
  0x0000000022b7a800 JavaThread "Cache worker for cache directory md-rule (C:\Users\frank\.gradle\caches\6.1.1\md-rule)" [_thread_blocked, id=26224, stack(0x0000000024c20000,0x0000000024d20000)]
  0x0000000022b7d000 JavaThread "Cache worker for cache directory md-supplier (C:\Users\frank\.gradle\caches\6.1.1\md-supplier)" [_thread_blocked, id=10068, stack(0x0000000022ed0000,0x0000000022fd0000)]
  0x0000000022b79000 JavaThread "Cache worker for file hash cache (C:\codepath\SimpleToDo\.gradle\6.1.1\fileHashes)" [_thread_blocked, id=23380, stack(0x0000000021a30000,0x0000000021b30000)]
  0x0000000022b7c000 JavaThread "Cache worker for checksums cache (C:\codepath\SimpleToDo\.gradle\checksums)" [_thread_blocked, id=7500, stack(0x0000000021690000,0x0000000021790000)]
  0x000000001d2f0800 JavaThread "Thread-79" [_thread_blocked, id=12884, stack(0x0000000021590000,0x0000000021690000)]
  0x000000001d2ef000 JavaThread "Stdin handler" [_thread_blocked, id=25040, stack(0x0000000021490000,0x0000000021590000)]
  0x000000001d2f6000 JavaThread "Asynchronous log dispatcher for DefaultDaemonConnection: socket connection from /127.0.0.1:61950 to /127.0.0.1:62083" [_thread_blocked, id=28284, stack(0x000000001eaf0000,0x000000001ebf0000)]
  0x000000001d2f5000 JavaThread "Cancel handler" [_thread_blocked, id=27808, stack(0x000000001e5f0000,0x000000001e6f0000)]
  0x000000001d2f4800 JavaThread "Handler for socket connection from /127.0.0.1:61950 to /127.0.0.1:62083" [_thread_in_native, id=28080, stack(0x000000001e2f0000,0x000000001e3f0000)]
  0x000000001d2f0000 JavaThread "Cache worker for execution history cache (C:\Users\frank\.gradle\caches\6.1.1\executionHistory)" [_thread_blocked, id=8680, stack(0x0000000022bd0000,0x0000000022cd0000)]
  0x000000001d2f3000 JavaThread "Cache worker for file hash cache (C:\Users\frank\.gradle\caches\6.1.1\fileHashes)" [_thread_blocked, id=7332, stack(0x000000001eff0000,0x000000001f0f0000)]
  0x000000001d2f3800 JavaThread "File lock request listener" [_thread_in_native, id=23400, stack(0x000000001eef0000,0x000000001eff0000)]
  0x000000001d2f2000 JavaThread "Cache worker for journal cache (C:\Users\frank\.gradle\caches\journal-1)" [_thread_blocked, id=12432, stack(0x000000001edf0000,0x000000001eef0000)]
  0x000000001d171800 JavaThread "Daemon worker" [_thread_blocked, id=26800, stack(0x000000001e7f0000,0x000000001e8f0000)]
  0x000000001d153800 JavaThread "Daemon" [_thread_blocked, id=18156, stack(0x000000001e1f0000,0x000000001e2f0000)]
  0x000000001d148800 JavaThread "Daemon periodic checks" [_thread_blocked, id=1400, stack(0x000000001e0f0000,0x000000001e1f0000)]
  0x000000001d128000 JavaThread "Incoming local TCP Connector on port 61950" [_thread_in_native, id=24772, stack(0x000000001dff0000,0x000000001e0f0000)]
  0x000000001d0db000 JavaThread "Daemon health stats" [_thread_blocked, id=14476, stack(0x000000001dcf0000,0x000000001ddf0000)]
  0x0000000019af0800 JavaThread "Service Thread" daemon [_thread_blocked, id=8684, stack(0x000000001b350000,0x000000001b450000)]
  0x0000000019a68000 JavaThread "C1 CompilerThread3" daemon [_thread_blocked, id=3804, stack(0x000000001b250000,0x000000001b350000)]
  0x0000000019a63000 JavaThread "C2 CompilerThread2" daemon [_thread_in_native, id=23000, stack(0x000000001b150000,0x000000001b250000)]
  0x0000000019a5c000 JavaThread "C2 CompilerThread1" daemon [_thread_in_vm, id=27712, stack(0x000000001b050000,0x000000001b150000)]
=>0x0000000019a56000 JavaThread "C2 CompilerThread0" daemon [_thread_in_native, id=4408, stack(0x000000001af50000,0x000000001b050000)]
  0x00000000199fe800 JavaThread "Attach Listener" daemon [_thread_blocked, id=308, stack(0x000000001ae50000,0x000000001af50000)]
  0x0000000019a55000 JavaThread "Signal Dispatcher" daemon [_thread_blocked, id=5688, stack(0x000000001ad50000,0x000000001ae50000)]
  0x00000000030aa800 JavaThread "Finalizer" daemon [_thread_blocked, id=25676, stack(0x000000001ac50000,0x000000001ad50000)]
  0x00000000199e3000 JavaThread "Reference Handler" daemon [_thread_blocked, id=7040, stack(0x000000001ab50000,0x000000001ac50000)]
  0x0000000002a6e800 JavaThread "main" [_thread_blocked, id=2824, stack(0x0000000002eb0000,0x0000000002fb0000)]

Other Threads:
  0x0000000018316800 VMThread [stack: 0x000000001aa50000,0x000000001ab50000] [id=28320]
  0x0000000019aa0800 WatcherThread [stack: 0x000000001b450000,0x000000001b550000] [id=27460]

VM state:not at safepoint (normal execution)

VM Mutex/Monitor currently owned by a thread: None

OutOfMemory and StackOverflow Exception counts:
OutOfMemoryError java_heap_errors=1

heap address: 0x0000000080000000, size: 2048 MB, Compressed Oops mode: 32-bit
Narrow klass base: 0x0000000000000000, Narrow klass shift: 3
Compressed class space size: 1073741824 Address: 0x0000000100000000

Heap:
 PSYoungGen      total 516608K, used 368942K [0x00000000d5580000, 0x00000000fc480000, 0x0000000100000000)
  eden space 478720K, 71% used [0x00000000d5580000,0x00000000ea362a00,0x00000000f2900000)
  from space 37888K, 71% used [0x00000000f2900000,0x00000000f4368f10,0x00000000f4e00000)
  to   space 38912K, 0% used [0x00000000f9e80000,0x00000000f9e80000,0x00000000fc480000)
 ParOldGen       total 301056K, used 82550K [0x0000000080000000, 0x0000000092600000, 0x00000000d5580000)
  object space 301056K, 27% used [0x0000000080000000,0x000000008509d828,0x0000000092600000)
 Metaspace       used 106934K, capacity 112320K, committed 112512K, reserved 1146880K
  class space    used 14247K, capacity 15216K, committed 15232K, reserved 1048576K

Card table byte_map: [0x0000000012470000,0x0000000012880000] byte_map_base: 0x0000000012070000

Marking Bits: (ParMarkBitMap*) 0x000000006527be30
 Begin Bits: [0x0000000013530000, 0x0000000015530000)
 End Bits:   [0x0000000015530000, 0x0000000017530000)

Polling page: 0x00000000011b0000

CodeCache: size=245760Kb used=53809Kb max_used=54937Kb free=191950Kb
 bounds [0x00000000030b0000, 0x00000000066a0000, 0x00000000120b0000]
 total_blobs=17602 nmethods=16643 adapters=869
 compilation: enabled

Compilation events (10 events):
Event: 32.122 Thread 0x0000000019a5c000 nmethod 17188 0x00000000061e5590 code [0x00000000061e5d00, 0x00000000061ed1b8]
Event: 32.122 Thread 0x0000000019a5c000 18040       4       com.android.tools.r8.u.a.i.e::a (45 bytes)
Event: 32.128 Thread 0x0000000019a5c000 nmethod 18040 0x0000000005503f50 code [0x00000000055040c0, 0x0000000005504448]
Event: 32.128 Thread 0x0000000019a5c000 19985       4       com.android.tools.r8.utils.l0::b (75 bytes)
Event: 32.130 Thread 0x0000000019a5c000 nmethod 19985 0x0000000003f62ad0 code [0x0000000003f62c20, 0x0000000003f62e38]
Event: 32.130 Thread 0x0000000019a5c000 19822       4       com.android.tools.r8.u.b.m1::h0 (38 bytes)
Event: 32.138 Thread 0x0000000019a5c000 nmethod 19822 0x00000000035c2fd0 code [0x00000000035c3180, 0x00000000035c3778]
Event: 32.138 Thread 0x0000000019a5c000 19787       4       com.android.tools.r8.v.a.a.a.h.F0::a (275 bytes)
Event: 32.151 Thread 0x0000000019a5c000 nmethod 19787 0x0000000005572f10 code [0x0000000005573120, 0x0000000005574100]
Event: 32.151 Thread 0x0000000019a5c000 18134       4       com.android.tools.r8.ir.optimize.g::a (219 bytes)

GC Heap History (10 events):
Event: 28.287 GC heap before
{Heap before GC invocations=21 (full 4):
 PSYoungGen      total 393216K, used 379290K [0x00000000d5580000, 0x00000000f0400000, 0x0000000100000000)
  eden space 349696K, 100% used [0x00000000d5580000,0x00000000eab00000,0x00000000eab00000)
  from space 43520K, 68% used [0x00000000ed680000,0x00000000ef366a68,0x00000000f0100000)
  to   space 44544K, 0% used [0x00000000eab00000,0x00000000eab00000,0x00000000ed680000)
 ParOldGen       total 301056K, used 82510K [0x0000000080000000, 0x0000000092600000, 0x00000000d5580000)
  object space 301056K, 27% used [0x0000000080000000,0x0000000085093828,0x0000000092600000)
 Metaspace       used 97920K, capacity 102796K, committed 103680K, reserved 1138688K
  class space    used 13255K, capacity 14182K, committed 14336K, reserved 1048576K
Event: 28.302 GC heap after
Heap after GC invocations=21 (full 4):
 PSYoungGen      total 394240K, used 18207K [0x00000000d5580000, 0x00000000f3a00000, 0x0000000100000000)
  eden space 349696K, 0% used [0x00000000d5580000,0x00000000d5580000,0x00000000eab00000)
  from space 44544K, 40% used [0x00000000eab00000,0x00000000ebcc7ed0,0x00000000ed680000)
  to   space 43008K, 0% used [0x00000000f1000000,0x00000000f1000000,0x00000000f3a00000)
 ParOldGen       total 301056K, used 82518K [0x0000000080000000, 0x0000000092600000, 0x00000000d5580000)
  object space 301056K, 27% used [0x0000000080000000,0x0000000085095828,0x0000000092600000)
 Metaspace       used 97920K, capacity 102796K, committed 103680K, reserved 1138688K
  class space    used 13255K, capacity 14182K, committed 14336K, reserved 1048576K
}
Event: 28.823 GC heap before
{Heap before GC invocations=22 (full 4):
 PSYoungGen      total 394240K, used 367903K [0x00000000d5580000, 0x00000000f3a00000, 0x0000000100000000)
  eden space 349696K, 100% used [0x00000000d5580000,0x00000000eab00000,0x00000000eab00000)
  from space 44544K, 40% used [0x00000000eab00000,0x00000000ebcc7ed0,0x00000000ed680000)
  to   space 43008K, 0% used [0x00000000f1000000,0x00000000f1000000,0x00000000f3a00000)
 ParOldGen       total 301056K, used 82518K [0x0000000080000000, 0x0000000092600000, 0x00000000d5580000)
  object space 301056K, 27% used [0x0000000080000000,0x0000000085095828,0x0000000092600000)
 Metaspace       used 98541K, capacity 103440K, committed 104192K, reserved 1138688K
  class space    used 13287K, capacity 14226K, committed 14336K, reserved 1048576K
Event: 28.837 GC heap after
Heap after GC invocations=22 (full 4):
 PSYoungGen      total 446976K, used 20479K [0x00000000d5580000, 0x00000000f3500000, 0x0000000100000000)
  eden space 409088K, 0% used [0x00000000d5580000,0x00000000d5580000,0x00000000ee500000)
  from space 37888K, 54% used [0x00000000f1000000,0x00000000f23ffc78,0x00000000f3500000)
  to   space 40960K, 0% used [0x00000000ee500000,0x00000000ee500000,0x00000000f0d00000)
 ParOldGen       total 301056K, used 82526K [0x0000000080000000, 0x0000000092600000, 0x00000000d5580000)
  object space 301056K, 27% used [0x0000000080000000,0x0000000085097828,0x0000000092600000)
 Metaspace       used 98541K, capacity 103440K, committed 104192K, reserved 1138688K
  class space    used 13287K, capacity 14226K, committed 14336K, reserved 1048576K
}
Event: 29.352 GC heap before
{Heap before GC invocations=23 (full 4):
 PSYoungGen      total 446976K, used 429567K [0x00000000d5580000, 0x00000000f3500000, 0x0000000100000000)
  eden space 409088K, 100% used [0x00000000d5580000,0x00000000ee500000,0x00000000ee500000)
  from space 37888K, 54% used [0x00000000f1000000,0x00000000f23ffc78,0x00000000f3500000)
  to   space 40960K, 0% used [0x00000000ee500000,0x00000000ee500000,0x00000000f0d00000)
 ParOldGen       total 301056K, used 82526K [0x0000000080000000, 0x0000000092600000, 0x00000000d5580000)
  object space 301056K, 27% used [0x0000000080000000,0x0000000085097828,0x0000000092600000)
 Metaspace       used 98840K, capacity 103742K, committed 104448K, reserved 1138688K
  class space    used 13289K, capacity 14227K, committed 14336K, reserved 1048576K
Event: 29.370 GC heap after
Heap after GC invocations=23 (full 4):
 PSYoungGen      total 450048K, used 20651K [0x00000000d5580000, 0x00000000f7680000, 0x0000000100000000)
  eden space 409088K, 0% used [0x00000000d5580000,0x00000000d5580000,0x00000000ee500000)
  from space 40960K, 50% used [0x00000000ee500000,0x00000000ef92ae80,0x00000000f0d00000)
  to   space 38912K, 0% used [0x00000000f5080000,0x00000000f5080000,0x00000000f7680000)
 ParOldGen       total 301056K, used 82534K [0x0000000080000000, 0x0000000092600000, 0x00000000d5580000)
  object space 301056K, 27% used [0x0000000080000000,0x0000000085099828,0x0000000092600000)
 Metaspace       used 98840K, capacity 103742K, committed 104448K, reserved 1138688K
  class space    used 13289K, capacity 14227K, committed 14336K, reserved 1048576K
}
Event: 29.858 GC heap before
{Heap before GC invocations=24 (full 4):
 PSYoungGen      total 450048K, used 429739K [0x00000000d5580000, 0x00000000f7680000, 0x0000000100000000)
  eden space 409088K, 100% used [0x00000000d5580000,0x00000000ee500000,0x00000000ee500000)
  from space 40960K, 50% used [0x00000000ee500000,0x00000000ef92ae80,0x00000000f0d00000)
  to   space 38912K, 0% used [0x00000000f5080000,0x00000000f5080000,0x00000000f7680000)
 ParOldGen       total 301056K, used 82534K [0x0000000080000000, 0x0000000092600000, 0x00000000d5580000)
  object space 301056K, 27% used [0x0000000080000000,0x0000000085099828,0x0000000092600000)
 Metaspace       used 99785K, capacity 104728K, committed 105344K, reserved 1140736K
  class space    used 13365K, capacity 14292K, committed 14464K, reserved 1048576K
Event: 29.871 GC heap after
Heap after GC invocations=24 (full 4):
 PSYoungGen      total 514048K, used 23634K [0x00000000d5580000, 0x00000000f7300000, 0x0000000100000000)
  eden space 478720K, 0% used [0x00000000d5580000,0x00000000d5580000,0x00000000f2900000)
  from space 35328K, 66% used [0x00000000f5080000,0x00000000f6794b20,0x00000000f7300000)
  to   space 37888K, 0% used [0x00000000f2900000,0x00000000f2900000,0x00000000f4e00000)
 ParOldGen       total 301056K, used 82542K [0x0000000080000000, 0x0000000092600000, 0x00000000d5580000)
  object space 301056K, 27% used [0x0000000080000000,0x000000008509b828,0x0000000092600000)
 Metaspace       used 99785K, capacity 104728K, committed 105344K, reserved 1140736K
  class space    used 13365K, capacity 14292K, committed 14464K, reserved 1048576K
}
Event: 30.570 GC heap before
{Heap before GC invocations=25 (full 4):
 PSYoungGen      total 514048K, used 502354K [0x00000000d5580000, 0x00000000f7300000, 0x0000000100000000)
  eden space 478720K, 100% used [0x00000000d5580000,0x00000000f2900000,0x00000000f2900000)
  from space 35328K, 66% used [0x00000000f5080000,0x00000000f6794b20,0x00000000f7300000)
  to   space 37888K, 0% used [0x00000000f2900000,0x00000000f2900000,0x00000000f4e00000)
 ParOldGen       total 301056K, used 82542K [0x0000000080000000, 0x0000000092600000, 0x00000000d5580000)
  object space 301056K, 27% used [0x0000000080000000,0x000000008509b828,0x0000000092600000)
 Metaspace       used 101000K, capacity 106072K, committed 106496K, reserved 1140736K
  class space    used 13505K, capacity 14428K, committed 14592K, reserved 1048576K
Event: 30.590 GC heap after
Heap after GC invocations=25 (full 4):
 PSYoungGen      total 516608K, used 27043K [0x00000000d5580000, 0x00000000fc480000, 0x0000000100000000)
  eden space 478720K, 0% used [0x00000000d5580000,0x00000000d5580000,0x00000000f2900000)
  from space 37888K, 71% used [0x00000000f2900000,0x00000000f4368f10,0x00000000f4e00000)
  to   space 38912K, 0% used [0x00000000f9e80000,0x00000000f9e80000,0x00000000fc480000)
 ParOldGen       total 301056K, used 82550K [0x0000000080000000, 0x0000000092600000, 0x00000000d5580000)
  object space 301056K, 27% used [0x0000000080000000,0x000000008509d828,0x0000000092600000)
 Metaspace       used 101000K, capacity 106072K, committed 106496K, reserved 1140736K
  class space    used 13505K, capacity 14428K, committed 14592K, reserved 1048576K
}

Deoptimization events (10 events):
Event: 30.245 Thread 0x0000000022b83800 Uncommon trap: reason=unstable_if action=reinterpret pc=0x000000000364edd0 method=java.lang.StringCoding$StringDecoder.decode([BII)[C @ 20
Event: 30.422 Thread 0x0000000022b7b800 Uncommon trap: reason=unstable_if action=reinterpret pc=0x000000000521024c method=com.google.common.cache.LongAdder.add(J)V @ 24
Event: 31.234 Thread 0x0000000023d84800 Uncommon trap: reason=unstable_if action=reinterpret pc=0x0000000004034388 method=com.android.tools.r8.ir.conversion.o.d(I)Lcom/android/tools/r8/u/b/S0; @ 102
Event: 31.328 Thread 0x000000001f16b000 Uncommon trap: reason=unstable_if action=reinterpret pc=0x0000000003c278b0 method=java.util.Arrays.hashCode([Ljava/lang/Object;)I @ 1
Event: 31.328 Thread 0x0000000023d87800 Uncommon trap: reason=unstable_if action=reinterpret pc=0x0000000003c278b0 method=java.util.Arrays.hashCode([Ljava/lang/Object;)I @ 1
Event: 31.328 Thread 0x000000001f16a000 Uncommon trap: reason=unstable_if action=reinterpret pc=0x0000000003c278b0 method=java.util.Arrays.hashCode([Ljava/lang/Object;)I @ 1
Event: 31.328 Thread 0x0000000029a58800 Uncommon trap: reason=unstable_if action=reinterpret pc=0x0000000003c278b0 method=java.util.Arrays.hashCode([Ljava/lang/Object;)I @ 1
Event: 31.328 Thread 0x000000001f16c800 Uncommon trap: reason=unstable_if action=reinterpret pc=0x0000000003c278b0 method=java.util.Arrays.hashCode([Ljava/lang/Object;)I @ 1
Event: 31.328 Thread 0x00000000223a4000 Uncommon trap: reason=unstable_if action=reinterpret pc=0x0000000003c278b0 method=java.util.Arrays.hashCode([Ljava/lang/Object;)I @ 1
Event: 32.102 Thread 0x0000000023d88000 Uncommon trap: reason=unstable_if action=reinterpret pc=0x0000000003b8ba7c method=org.gradle.internal.operations.DefaultBuildOperationExecutor$3.stop()V @ 61

Classes redefined (0 events):
No events

Internal exceptions (10 events):
Event: 31.328 Thread 0x000000001f16b000 Implicit null exception at 0x0000000003c277af to 0x0000000003c278a1
Event: 31.328 Thread 0x0000000023d87800 Implicit null exception at 0x0000000003c277af to 0x0000000003c278a1
Event: 31.328 Thread 0x000000001f16a000 Implicit null exception at 0x0000000003c277af to 0x0000000003c278a1
Event: 31.328 Thread 0x0000000029a58800 Implicit null exception at 0x0000000003c277af to 0x0000000003c278a1
Event: 31.328 Thread 0x000000001f16c800 Implicit null exception at 0x0000000003c277af to 0x0000000003c278a1
Event: 31.328 Thread 0x00000000223a4000 Implicit null exception at 0x0000000003c277af to 0x0000000003c278a1
Event: 31.387 Thread 0x0000000020e9e800 Exception <a 'sun/nio/fs/WindowsException'> (0x00000000e2c86dc8) thrown at [C:\ade\jenkins\workspace\8-2-build-windows-amd64-cygwin\jdk8u241\331\hotspot\src\share\vm\prims\jni.cpp, line 710]
Event: 31.546 Thread 0x0000000029a5d800 Exception <a 'sun/nio/fs/WindowsException'> (0x00000000e57f1720) thrown at [C:\ade\jenkins\workspace\8-2-build-windows-amd64-cygwin\jdk8u241\331\hotspot\src\share\vm\prims\jni.cpp, line 710]
Event: 32.099 Thread 0x0000000023d87800 Exception <a 'sun/nio/fs/WindowsException'> (0x00000000ea33e708) thrown at [C:\ade\jenkins\workspace\8-2-build-windows-amd64-cygwin\jdk8u241\331\hotspot\src\share\vm\prims\jni.cpp, line 710]
Event: 32.099 Thread 0x0000000023d87800 Exception <a 'java/lang/OutOfMemoryError'> (0x00000000ea33f110) thrown at [C:\ade\jenkins\workspace\8-2-build-windows-amd64-cygwin\jdk8u241\331\hotspot\src\share\vm\prims\unsafe.cpp, line 618]

Events (10 events):
Event: 32.102 Thread 0x0000000023d88000 Uncommon trap: trap_request=0xffffff65 fr.pc=0x0000000003b8ba7c
Event: 32.102 Thread 0x0000000029a57000 Thread exited: 0x0000000029a57000
Event: 32.102 Thread 0x00000000223a4000 Thread exited: 0x00000000223a4000
Event: 32.102 Thread 0x0000000023d88000 DEOPT PACKING pc=0x0000000003b8ba7c sp=0x000000002c45e570
Event: 32.102 Thread 0x0000000029a59000 Thread exited: 0x0000000029a59000
Event: 32.102 Thread 0x0000000023d88000 DEOPT UNPACKING pc=0x00000000030f583b sp=0x000000002c45e548 mode 2
Event: 32.102 Thread 0x0000000029a57800 Thread exited: 0x0000000029a57800
Event: 32.102 Thread 0x000000001f16b800 Thread exited: 0x000000001f16b800
Event: 32.102 loading class org/gradle/internal/exceptions/DefaultMultiCauseException$1
Event: 32.102 loading class org/gradle/internal/exceptions/DefaultMultiCauseException$1 done


Dynamic libraries:
0x00007ff6879d0000 - 0x00007ff687a07000 	C:\Program Files\Java\jdk1.8.0_241\bin\java.exe
0x00007ffc6be90000 - 0x00007ffc6c086000 	C:\WINDOWS\SYSTEM32\ntdll.dll
0x00007ffc6a590000 - 0x00007ffc6a64d000 	C:\WINDOWS\System32\KERNEL32.DLL
0x00007ffc69700000 - 0x00007ffc699c9000 	C:\WINDOWS\System32\KERNELBASE.dll
0x00007ffc6b760000 - 0x00007ffc6b80c000 	C:\WINDOWS\System32\ADVAPI32.dll
0x00007ffc6b810000 - 0x00007ffc6b8ae000 	C:\WINDOWS\System32\msvcrt.dll
0x00007ffc6bb90000 - 0x00007ffc6bc2c000 	C:\WINDOWS\System32\sechost.dll
0x00007ffc6bcf0000 - 0x00007ffc6be1b000 	C:\WINDOWS\System32\RPCRT4.dll
0x00007ffc6abf0000 - 0x00007ffc6ad90000 	C:\WINDOWS\System32\USER32.dll
0x00007ffc69c30000 - 0x00007ffc69c52000 	C:\WINDOWS\System32\win32u.dll
0x00007ffc69ff0000 - 0x00007ffc6a01a000 	C:\WINDOWS\System32\GDI32.dll
0x00007ffc69b20000 - 0x00007ffc69c29000 	C:\WINDOWS\System32\gdi32full.dll
0x00007ffc69cc0000 - 0x00007ffc69d5d000 	C:\WINDOWS\System32\msvcp_win.dll
0x00007ffc699d0000 - 0x00007ffc69ad0000 	C:\WINDOWS\System32\ucrtbase.dll
0x00007ffc689c0000 - 0x00007ffc68c5b000 	C:\WINDOWS\WinSxS\amd64_microsoft.windows.common-controls_6595b64144ccf1df_6.0.19041.488_none_ca04af081b815d21\COMCTL32.dll
0x00007ffc6b8b0000 - 0x00007ffc6b8e0000 	C:\WINDOWS\System32\IMM32.DLL
0x0000000065300000 - 0x00000000653d2000 	C:\Program Files\Java\jdk1.8.0_241\jre\bin\msvcr100.dll
0x0000000064a50000 - 0x00000000652fc000 	C:\Program Files\Java\jdk1.8.0_241\jre\bin\server\jvm.dll
0x00007ffc6bc30000 - 0x00007ffc6bc38000 	C:\WINDOWS\System32\PSAPI.DLL
0x00007ffc47100000 - 0x00007ffc47109000 	C:\WINDOWS\SYSTEM32\WSOCK32.dll
0x00007ffc66f90000 - 0x00007ffc66f9a000 	C:\WINDOWS\SYSTEM32\VERSION.dll
0x00007ffc4fd60000 - 0x00007ffc4fd87000 	C:\WINDOWS\SYSTEM32\WINMM.dll
0x00007ffc6b6f0000 - 0x00007ffc6b75b000 	C:\WINDOWS\System32\WS2_32.dll
0x00007ffc66120000 - 0x00007ffc6612f000 	C:\Program Files\Java\jdk1.8.0_241\jre\bin\verify.dll
0x00007ffc48b00000 - 0x00007ffc48b29000 	C:\Program Files\Java\jdk1.8.0_241\jre\bin\java.dll
0x00007ffc48ae0000 - 0x00007ffc48af6000 	C:\Program Files\Java\jdk1.8.0_241\jre\bin\zip.dll
0x00007ffc6ada0000 - 0x00007ffc6b4e2000 	C:\WINDOWS\System32\SHELL32.dll
0x00007ffc66730000 - 0x00007ffc66ec5000 	C:\WINDOWS\SYSTEM32\windows.storage.dll
0x00007ffc6a150000 - 0x00007ffc6a4a6000 	C:\WINDOWS\System32\combase.dll
0x00007ffc68920000 - 0x00007ffc6894c000 	C:\WINDOWS\SYSTEM32\Wldp.dll
0x00007ffc6bc40000 - 0x00007ffc6bcee000 	C:\WINDOWS\System32\SHCORE.dll
0x00007ffc6b8e0000 - 0x00007ffc6b935000 	C:\WINDOWS\System32\shlwapi.dll
0x00007ffc694d0000 - 0x00007ffc694f6000 	C:\WINDOWS\SYSTEM32\profapi.dll
0x00007ffc48500000 - 0x00007ffc4851a000 	C:\Program Files\Java\jdk1.8.0_241\jre\bin\net.dll
0x00007ffc68600000 - 0x00007ffc6866a000 	C:\WINDOWS\system32\mswsock.dll
0x00007ffc469e0000 - 0x00007ffc469f2000 	C:\Program Files\Java\jdk1.8.0_241\jre\bin\nio.dll
0x00007ffc2f130000 - 0x00007ffc2f156000 	C:\Users\frank\.gradle\native\31\windows-amd64\native-platform.dll
0x00007ffc5b870000 - 0x00007ffc5b87d000 	C:\Program Files\Java\jdk1.8.0_241\jre\bin\management.dll
0x00007ffc69330000 - 0x00007ffc69348000 	C:\WINDOWS\SYSTEM32\CRYPTSP.dll
0x00007ffc68000000 - 0x00007ffc68034000 	C:\WINDOWS\system32\rsaenh.dll
0x00007ffc69620000 - 0x00007ffc69647000 	C:\WINDOWS\System32\bcrypt.dll
0x00007ffc69490000 - 0x00007ffc694be000 	C:\WINDOWS\SYSTEM32\USERENV.dll
0x00007ffc695a0000 - 0x00007ffc69620000 	C:\WINDOWS\System32\bcryptprimitives.dll
0x00007ffc68840000 - 0x00007ffc6884c000 	C:\WINDOWS\SYSTEM32\CRYPTBASE.dll
0x00007ffc68330000 - 0x00007ffc6836b000 	C:\WINDOWS\SYSTEM32\IPHLPAPI.DLL
0x00007ffc6ad90000 - 0x00007ffc6ad98000 	C:\WINDOWS\System32\NSI.dll
0x00007ffc62da0000 - 0x00007ffc62db7000 	C:\WINDOWS\SYSTEM32\dhcpcsvc6.DLL
0x00007ffc62d40000 - 0x00007ffc62d5d000 	C:\WINDOWS\SYSTEM32\dhcpcsvc.DLL
0x00007ffc68370000 - 0x00007ffc6843b000 	C:\WINDOWS\SYSTEM32\DNSAPI.dll
0x00007ffc46750000 - 0x00007ffc46774000 	C:\Program Files\Java\jdk1.8.0_241\jre\bin\sunec.dll
0x0000000068ed0000 - 0x0000000068ef6000 	C:\Program Files\Bonjour\mdnsNSP.dll
0x00007ffc5c310000 - 0x00007ffc5c31a000 	C:\Windows\System32\rasadhlp.dll
0x00007ffc5be90000 - 0x00007ffc5bf0f000 	C:\WINDOWS\System32\fwpuclnt.dll
0x00007ffc48160000 - 0x00007ffc4816b000 	C:\Program Files\Java\jdk1.8.0_241\jre\bin\sunmscapi.dll
0x00007ffc69d60000 - 0x00007ffc69ebd000 	C:\WINDOWS\System32\CRYPT32.dll

VM Arguments:
jvm_args: -Xmx2048m -Dfile.encoding=GBK -Duser.country=CN -Duser.language=zh -Duser.variant 
java_command: org.gradle.launcher.daemon.bootstrap.GradleDaemon 6.1.1
java_class_path (initial): C:\Users\frank\.gradle\wrapper\dists\gradle-6.1.1-all\cfmwm155h49vnt3hynmlrsdst\gradle-6.1.1\lib\gradle-launcher-6.1.1.jar
Launcher Type: SUN_STANDARD

Environment Variables:
JAVA_HOME=C:\Program Files\Java\jdk1.8.0_241
PATH=C:\Program Files (x86)\Common Files\Oracle\Java\javapath;C:\Windows\system32;C:\Windows;C:\Windows\System32\Wbem;C:\Windows\System32\WindowsPowerShell\v1.0\;C:\Windows\System32\OpenSSH\;C:\Program Files\NVIDIA Corporation\NVIDIA NvDLISR;C:\Program Files\Intel\WiFi\bin\;C:\Program Files\Common Files\Intel\WirelessCommon\;C:\Users\frank\AppData\Local\Programs\Python\Python37-32;C:\Program Files (x86)\NVIDIA Corporation\PhysX\Common;C:\Program Files\Java\jdk1.8.0_241\bin;C:\ProgramData\chocolatey\bin;C:\WINDOWS\system32;C:\WINDOWS;C:\WINDOWS\System32\Wbem;C:\WINDOWS\System32\WindowsPowerShell\v1.0\;C:\WINDOWS\System32\OpenSSH\;C:\Users\frank\AppData\Local\Programs\Python\Python37-32\Scripts\;C:\Users\frank\AppData\Local\Programs\Python\Python37-32\;C:\Users\frank\AppData\Local\Microsoft\WindowsApps;C:\Program Files\Bandizip\;C:\ProgramData\chocolatey\lib\gsudo\bin\;
USERNAME=frank
OS=Windows_NT
PROCESSOR_IDENTIFIER=Intel64 Family 6 Model 158 Stepping 10, GenuineIntel



---------------  S Y S T E M  ---------------

OS: Windows 10.0 , 64 bit Build 19041 (10.0.19041.662)

CPU:total 12 (initial active 12) (6 cores per cpu, 2 threads per core) family 6 model 158 stepping 10, cmov, cx8, fxsr, mmx, sse, sse2, sse3, ssse3, sse4.1, sse4.2, popcnt, avx, avx2, aes, clmul, erms, 3dnowpref, lzcnt, ht, tsc, tscinvbit, bmi1, bmi2, adx

Memory: 4k page, physical 16650584k(2816644k free), swap 20844888k(5924k free)

vm_info: Java HotSpot(TM) 64-Bit Server VM (25.241-b07) for windows-amd64 JRE (1.8.0_241-b07), built on Dec 11 2019 10:21:40 by "rejava" with MS VC++ 10.0 (VS2010)

time: Sun Dec 20 14:57:04 2020
timezone: 东部标准时间
elapsed time: 32 seconds (0d 0h 0m 32s)

