#
# There is insufficient memory for the Java Runtime Environment to continue.
# Native memory allocation (malloc) failed to allocate 847056 bytes for Chunk::new
# Possible reasons:
#   The system is out of physical RAM or swap space
#   The process is running with CompressedOops enabled, and the Java Heap may be blocking the growth of the native heap
# Possible solutions:
#   Reduce memory load on the system
#   Increase physical memory or swap space
#   Check if swap backing store is full
#   Decrease Java heap size (-Xmx/-Xms)
#   Decrease number of Java threads
#   Decrease Java thread stack sizes (-Xss)
#   Set larger code cache with -XX:ReservedCodeCacheSize=
#   JVM is running with Unscaled Compressed Oops mode in which the Java heap is
#     placed in the first 4GB address space. The Java Heap base address is the
#     maximum limit for the native heap growth. Please use -XX:HeapBaseMinAddress
#     to set the Java Heap base and to place the Java Heap above 4GB virtual address.
# This output file may be truncated or incomplete.
#
#  Out of Memory Error (allocation.cpp:389), pid=2432, tid=0x0000000000005e7c
#
# JRE version: Java(TM) SE Runtime Environment (8.0_241-b07) (build 1.8.0_241-b07)
# Java VM: Java HotSpot(TM) 64-Bit Server VM (25.241-b07 mixed mode windows-amd64 compressed oops)
# Failed to write core dump. Minidumps are not enabled by default on client versions of Windows
#

---------------  T H R E A D  ---------------

Current thread (0x0000000019544800):  JavaThread "C2 CompilerThread2" daemon [_thread_in_native, id=24188, stack(0x000000001ac80000,0x000000001ad80000)]

Stack: [0x000000001ac80000,0x000000001ad80000]
[error occurred during error reporting (printing stack bounds), id 0xc0000005]

Native frames: (J=compiled Java code, j=interpreted, Vv=VM code, C=native code)


Current CompileTask:
C2:  49880 21680 %     4       org.objectweb.asm.ClassReader::readCode @ 2165 (5089 bytes)


---------------  P R O C E S S  ---------------

Java Threads: ( => current thread )
  0x000000002fa0d000 JavaThread "Java2D Disposer" daemon [_thread_blocked, id=4704, stack(0x000000002bda0000,0x000000002bea0000)]
  0x0000000020ce7000 JavaThread "WorkerExecutor Queue Thread 13" [_thread_blocked, id=25832, stack(0x000000002dd70000,0x000000002de70000)]
  0x0000000020ce6000 JavaThread "WorkerExecutor Queue Thread 12" [_thread_blocked, id=25256, stack(0x000000002dc70000,0x000000002dd70000)]
  0x0000000020ce5800 JavaThread "WorkerExecutor Queue Thread 11" [_thread_blocked, id=26000, stack(0x000000002db70000,0x000000002dc70000)]
  0x0000000020cec000 JavaThread "WorkerExecutor Queue Thread 10" [_thread_blocked, id=26272, stack(0x000000002da70000,0x000000002db70000)]
  0x0000000020ceb800 JavaThread "WorkerExecutor Queue Thread 9" [_thread_blocked, id=24904, stack(0x000000002d970000,0x000000002da70000)]
  0x0000000020ce8800 JavaThread "WorkerExecutor Queue Thread 8" [_thread_blocked, id=27192, stack(0x000000002d870000,0x000000002d970000)]
  0x0000000020cea800 JavaThread "WorkerExecutor Queue Thread 7" [_thread_blocked, id=13304, stack(0x000000002d770000,0x000000002d870000)]
  0x000000001f924800 JavaThread "ForkJoinPool.commonPool-worker-10" daemon [_thread_blocked, id=8836, stack(0x000000002d570000,0x000000002d670000)]
  0x000000001f91f800 JavaThread "ForkJoinPool.commonPool-worker-1" daemon [_thread_blocked, id=26864, stack(0x000000002d360000,0x000000002d460000)]
  0x000000001f924000 JavaThread "ForkJoinPool.commonPool-worker-8" daemon [_thread_blocked, id=26800, stack(0x000000002d150000,0x000000002d250000)]
  0x000000001f921800 JavaThread "ForkJoinPool.commonPool-worker-15" daemon [_thread_blocked, id=5288, stack(0x000000002d050000,0x000000002d150000)]
  0x000000001f91e800 JavaThread "ForkJoinPool.commonPool-worker-6" daemon [_thread_blocked, id=3656, stack(0x000000002cf50000,0x000000002d050000)]
  0x000000001f923000 JavaThread "ForkJoinPool.commonPool-worker-13" daemon [_thread_blocked, id=22112, stack(0x000000002c860000,0x000000002c960000)]
  0x000000001f917000 JavaThread "ForkJoinPool.commonPool-worker-4" daemon [_thread_blocked, id=28284, stack(0x000000002bfa0000,0x000000002c0a0000)]
  0x000000001f921000 JavaThread "ForkJoinPool.commonPool-worker-11" daemon [_thread_blocked, id=26900, stack(0x000000002bea0000,0x000000002bfa0000)]
  0x000000001f91e000 JavaThread "ForkJoinPool.commonPool-worker-9" daemon [_thread_blocked, id=28080, stack(0x000000002bca0000,0x000000002bda0000)]
  0x000000001f91b000 JavaThread "Cache worker for Java compile cache (C:\codepath\SimpleToDo\.gradle\6.1.1\javaCompile)" [_thread_blocked, id=24012, stack(0x000000002c160000,0x000000002c260000)]
  0x000000001f915800 JavaThread "Cache worker for Java compile cache (C:\Users\frank\.gradle\caches\6.1.1\javaCompile)" [_thread_blocked, id=22296, stack(0x000000002b740000,0x000000002b840000)]
  0x000000001f918800 JavaThread "stdout" [_thread_in_native, id=16392, stack(0x000000002bba0000,0x000000002bca0000)]
  0x000000001f91a000 JavaThread "stderr" [_thread_in_native, id=27812, stack(0x000000002baa0000,0x000000002bba0000)]
  0x000000001f918000 JavaThread "pool-4-thread-1" [_thread_blocked, id=24848, stack(0x000000002b9a0000,0x000000002baa0000)]
  0x000000001f91c800 JavaThread "WorkerExecutor Queue Thread 5" [_thread_blocked, id=12008, stack(0x000000002b8a0000,0x000000002b9a0000)]
  0x000000001f91b800 JavaThread "WorkerExecutor Queue Thread 4" [_thread_blocked, id=11684, stack(0x000000002a100000,0x000000002a200000)]
  0x000000001c1eb000 JavaThread "WorkerExecutor Queue Thread 3" [_thread_blocked, id=22776, stack(0x000000002a000000,0x000000002a100000)]
  0x000000001c1ea800 JavaThread "WorkerExecutor Queue Thread 2" [_thread_blocked, id=27152, stack(0x0000000029d00000,0x0000000029e00000)]
  0x000000001c1e9800 JavaThread "WorkerExecutor Queue" [_thread_blocked, id=20076, stack(0x0000000029c00000,0x0000000029d00000)]
  0x000000001c1e8000 JavaThread "Cache worker for execution history cache (C:\codepath\SimpleToDo\.gradle\6.1.1\executionHistory)" [_thread_blocked, id=13936, stack(0x0000000029b00000,0x0000000029c00000)]
  0x000000001c1ec000 JavaThread "Execution worker for ':' Thread 11" [_thread_blocked, id=27256, stack(0x0000000029a00000,0x0000000029b00000)]
  0x000000001c1e7800 JavaThread "Execution worker for ':' Thread 10" [_thread_blocked, id=23096, stack(0x0000000029900000,0x0000000029a00000)]
  0x000000001c1e6800 JavaThread "Execution worker for ':' Thread 9" [_thread_blocked, id=17800, stack(0x0000000029800000,0x0000000029900000)]
  0x000000001c1e6000 JavaThread "Execution worker for ':' Thread 8" [_thread_blocked, id=15952, stack(0x0000000029700000,0x0000000029800000)]
  0x000000001c1de800 JavaThread "Execution worker for ':' Thread 7" [_thread_blocked, id=26992, stack(0x0000000029600000,0x0000000029700000)]
  0x000000001c1e1800 JavaThread "Execution worker for ':' Thread 6" [_thread_blocked, id=10268, stack(0x0000000029500000,0x0000000029600000)]
  0x000000001c1e4800 JavaThread "Execution worker for ':' Thread 5" [_thread_blocked, id=21376, stack(0x0000000029400000,0x0000000029500000)]
  0x000000001c1dd800 JavaThread "Execution worker for ':' Thread 4" [_thread_blocked, id=28636, stack(0x0000000029300000,0x0000000029400000)]
  0x000000001c1e3800 JavaThread "Execution worker for ':' Thread 3" [_thread_blocked, id=28200, stack(0x0000000029200000,0x0000000029300000)]
  0x000000001c1dd000 JavaThread "Execution worker for ':' Thread 2" [_thread_in_Java, id=10740, stack(0x0000000029100000,0x0000000029200000)]
  0x000000001c1e3000 JavaThread "Execution worker for ':'" [_thread_blocked, id=23736, stack(0x0000000029000000,0x0000000029100000)]
  0x000000001c1df000 JavaThread "Cache worker for file content cache (C:\codepath\SimpleToDo\.gradle\6.1.1\fileContent)" [_thread_blocked, id=22724, stack(0x0000000028f00000,0x0000000029000000)]
  0x000000001c1e0800 JavaThread "Cache worker for file content cache (C:\Users\frank\.gradle\caches\6.1.1\fileContent)" [_thread_blocked, id=26604, stack(0x0000000028e00000,0x0000000028f00000)]
  0x000000001c1e0000 JavaThread "Memory manager" [_thread_blocked, id=25932, stack(0x0000000027240000,0x0000000027340000)]
  0x000000001cdc2000 JavaThread "Cache worker for Build Output Cleanup Cache (C:\codepath\SimpleToDo\.gradle\buildOutputCleanup)" [_thread_blocked, id=23724, stack(0x0000000027140000,0x0000000027240000)]
  0x000000001cdbe000 JavaThread "Build operations Thread 12" [_thread_blocked, id=21788, stack(0x0000000027040000,0x0000000027140000)]
  0x000000001cdc1000 JavaThread "Build operations Thread 11" [_thread_blocked, id=8676, stack(0x0000000026ab0000,0x0000000026bb0000)]
  0x000000001cdbf000 JavaThread "Build operations Thread 10" [_thread_blocked, id=24660, stack(0x00000000259f0000,0x0000000025af0000)]
  0x000000001cdc5000 JavaThread "Build operations Thread 9" [_thread_blocked, id=27448, stack(0x00000000252f0000,0x00000000253f0000)]
  0x00000000235a4000 JavaThread "Build operations Thread 8" [_thread_blocked, id=28324, stack(0x00000000251f0000,0x00000000252f0000)]
  0x00000000235a7800 JavaThread "Build operations Thread 7" [_thread_blocked, id=22936, stack(0x00000000250f0000,0x00000000251f0000)]
  0x00000000235a6000 JavaThread "Build operations Thread 6" [_thread_blocked, id=26792, stack(0x0000000024ff0000,0x00000000250f0000)]
  0x00000000235a1000 JavaThread "Build operations Thread 5" [_thread_blocked, id=20768, stack(0x0000000024ef0000,0x0000000024ff0000)]
  0x00000000235a4800 JavaThread "Build operations Thread 4" [_thread_blocked, id=25124, stack(0x0000000024df0000,0x0000000024ef0000)]
  0x00000000235a3000 JavaThread "Build operations Thread 3" [_thread_blocked, id=25128, stack(0x0000000024cf0000,0x0000000024df0000)]
  0x00000000235a5800 JavaThread "Build operations Thread 2" [_thread_blocked, id=24220, stack(0x0000000024bf0000,0x0000000024cf0000)]
  0x00000000235a2800 JavaThread "Build operations" [_thread_blocked, id=16040, stack(0x0000000024af0000,0x0000000024bf0000)]
  0x000000002359b000 JavaThread "Cache worker for cache directory md-rule (C:\Users\frank\.gradle\caches\6.1.1\md-rule)" [_thread_blocked, id=17768, stack(0x00000000249f0000,0x0000000024af0000)]
  0x00000000235a1800 JavaThread "Cache worker for cache directory md-supplier (C:\Users\frank\.gradle\caches\6.1.1\md-supplier)" [_thread_blocked, id=12400, stack(0x00000000248f0000,0x00000000249f0000)]
  0x000000002359f800 JavaThread "Cache worker for file hash cache (C:\codepath\SimpleToDo\.gradle\6.1.1\fileHashes)" [_thread_blocked, id=11652, stack(0x0000000022b50000,0x0000000022c50000)]
  0x000000002359a000 JavaThread "Cache worker for checksums cache (C:\codepath\SimpleToDo\.gradle\checksums)" [_thread_blocked, id=18344, stack(0x00000000214b0000,0x00000000215b0000)]
  0x000000002359e800 JavaThread "Thread-46" [_thread_blocked, id=22096, stack(0x00000000213b0000,0x00000000214b0000)]
  0x000000002359b800 JavaThread "Stdin handler" [_thread_blocked, id=12692, stack(0x00000000212b0000,0x00000000213b0000)]
  0x000000002359e000 JavaThread "Asynchronous log dispatcher for DefaultDaemonConnection: socket connection from /127.0.0.1:62142 to /127.0.0.1:62332" [_thread_blocked, id=3260, stack(0x00000000211b0000,0x00000000212b0000)]
  0x0000000023599800 JavaThread "Cancel handler" [_thread_blocked, id=26548, stack(0x000000001fea0000,0x000000001ffa0000)]
  0x000000002359d000 JavaThread "Handler for socket connection from /127.0.0.1:62142 to /127.0.0.1:62332" [_thread_in_native, id=6972, stack(0x000000001e6d0000,0x000000001e7d0000)]
  0x000000001cdc4000 JavaThread "Cache worker for execution history cache (C:\Users\frank\.gradle\caches\6.1.1\executionHistory)" [_thread_blocked, id=22844, stack(0x0000000022850000,0x0000000022950000)]
  0x000000001cdbf800 JavaThread "Cache worker for file hash cache (C:\Users\frank\.gradle\caches\6.1.1\fileHashes)" [_thread_blocked, id=20836, stack(0x000000001ebd0000,0x000000001ecd0000)]
  0x000000001cdc3800 JavaThread "File lock request listener" [_thread_in_native, id=26620, stack(0x000000001ead0000,0x000000001ebd0000)]
  0x000000001cdc2800 JavaThread "Cache worker for journal cache (C:\Users\frank\.gradle\caches\journal-1)" [_thread_blocked, id=552, stack(0x000000001e9d0000,0x000000001ead0000)]
  0x000000001cd66800 JavaThread "Daemon worker" [_thread_blocked, id=3792, stack(0x000000001e3d0000,0x000000001e4d0000)]
  0x000000001cd20800 JavaThread "Daemon" [_thread_blocked, id=26576, stack(0x000000001ddd0000,0x000000001ded0000)]
  0x000000001ccb5800 JavaThread "Daemon periodic checks" [_thread_blocked, id=3660, stack(0x000000001dcd0000,0x000000001ddd0000)]
  0x000000001ccc3800 JavaThread "Incoming local TCP Connector on port 62142" [_thread_in_native, id=28000, stack(0x000000001db20000,0x000000001dc20000)]
  0x000000001cc80000 JavaThread "Daemon health stats" [_thread_blocked, id=4856, stack(0x000000001d820000,0x000000001d920000)]
  0x000000001957e800 JavaThread "Service Thread" daemon [_thread_blocked, id=27420, stack(0x000000001ae80000,0x000000001af80000)]
  0x0000000019545000 JavaThread "C1 CompilerThread3" daemon [_thread_in_native, id=18804, stack(0x000000001ad80000,0x000000001ae80000)]
=>0x0000000019544800 JavaThread "C2 CompilerThread2" daemon [_thread_in_native, id=24188, stack(0x000000001ac80000,0x000000001ad80000)]
  0x000000001953e800 JavaThread "C2 CompilerThread1" daemon [_thread_in_vm, id=19556, stack(0x000000001ab80000,0x000000001ac80000)]
  0x0000000019532800 JavaThread "C2 CompilerThread0" daemon [_thread_in_native, id=22652, stack(0x000000001aa80000,0x000000001ab80000)]
  0x0000000019531000 JavaThread "Attach Listener" daemon [_thread_blocked, id=3452, stack(0x000000001a980000,0x000000001aa80000)]
  0x00000000194de800 JavaThread "Signal Dispatcher" daemon [_thread_blocked, id=28256, stack(0x000000001a880000,0x000000001a980000)]
  0x0000000002b6b000 JavaThread "Finalizer" daemon [_thread_blocked, id=26532, stack(0x000000001a720000,0x000000001a820000)]
  0x0000000017ddd800 JavaThread "Reference Handler" daemon [_thread_blocked, id=1912, stack(0x000000001a620000,0x000000001a720000)]
  0x000000000296e800 JavaThread "main" [_thread_blocked, id=26016, stack(0x0000000002970000,0x0000000002a70000)]

Other Threads:
  0x0000000017dd5800 VMThread [stack: 0x000000001a520000,0x000000001a620000] [id=24000]
  0x00000000195e4800 WatcherThread [stack: 0x000000001af80000,0x000000001b080000] [id=25760]

VM state:not at safepoint (normal execution)

VM Mutex/Monitor currently owned by a thread: None

heap address: 0x0000000080000000, size: 2048 MB, Compressed Oops mode: 32-bit
Narrow klass base: 0x0000000000000000, Narrow klass shift: 3
Compressed class space size: 1073741824 Address: 0x0000000100000000

Heap:
 PSYoungGen      total 579072K, used 153563K [0x00000000d5580000, 0x0000000100000000, 0x0000000100000000)
  eden space 529408K, 19% used [0x00000000d5580000,0x00000000dbaf7718,0x00000000f5a80000)
  from space 49664K, 99% used [0x00000000f5a80000,0x00000000f8aff5c8,0x00000000f8b00000)
  to   space 60928K, 0% used [0x00000000fc480000,0x00000000fc480000,0x0000000100000000)
 ParOldGen       total 266240K, used 74732K [0x0000000080000000, 0x0000000090400000, 0x00000000d5580000)
  object space 266240K, 28% used [0x0000000080000000,0x00000000848fb1d0,0x0000000090400000)
 Metaspace       used 146143K, capacity 152632K, committed 152832K, reserved 1181696K
  class space    used 19188K, capacity 20391K, committed 20480K, reserved 1048576K

Card table byte_map: [0x0000000011f30000,0x0000000012340000] byte_map_base: 0x0000000011b30000

Marking Bits: (ParMarkBitMap*) 0x000000006527be30
 Begin Bits: [0x0000000012ff0000, 0x0000000014ff0000)
 End Bits:   [0x0000000014ff0000, 0x0000000016ff0000)

Polling page: 0x0000000000800000

CodeCache: size=245760Kb used=56148Kb max_used=56422Kb free=189611Kb
 bounds [0x0000000002b70000, 0x00000000062f0000, 0x0000000011b70000]
 total_blobs=18933 nmethods=17862 adapters=977
 compilation: enabled

Compilation events (10 events):
Event: 49.865 Thread 0x0000000019545000 21824       3       java.util.zip.InflaterInputStream::available (15 bytes)
Event: 49.865 Thread 0x0000000019545000 nmethod 21824 0x0000000005441b90 code [0x0000000005441d00, 0x0000000005442008]
Event: 49.865 Thread 0x0000000019545000 21825       3       com.sun.imageio.plugins.common.InputStreamAdapter::read (13 bytes)
Event: 49.865 Thread 0x0000000019545000 nmethod 21825 0x0000000005441710 code [0x0000000005441880, 0x0000000005441aa8]
Event: 49.872 Thread 0x0000000019545000 21826       3       javax.imageio.stream.ImageInputStreamImpl::readFully (73 bytes)
Event: 49.873 Thread 0x0000000019545000 nmethod 21826 0x0000000005440dd0 code [0x0000000005440f80, 0x0000000005441508]
Event: 49.877 Thread 0x0000000019545000 21827       1       com.intellij.openapi.vfs.impl.jar.CoreJarFileSystem::getProtocol (3 bytes)
Event: 49.877 Thread 0x0000000019545000 nmethod 21827 0x000000000543b510 code [0x000000000543b660, 0x000000000543b770]
Event: 49.877 Thread 0x000000001953e800 nmethod 21683 0x0000000005434d50 code [0x0000000005435120, 0x0000000005437a20]
Event: 49.878 Thread 0x000000001953e800 21791   !   4       com.sun.org.apache.xerces.internal.impl.XMLDocumentFragmentScannerImpl$FragmentContentDriver::next (2346 bytes)

GC Heap History (10 events):
Event: 42.017 GC heap before
{Heap before GC invocations=19 (full 4):
 PSYoungGen      total 395776K, used 390202K [0x00000000d5580000, 0x00000000f1f00000, 0x0000000100000000)
  eden space 350208K, 100% used [0x00000000d5580000,0x00000000eab80000,0x00000000eab80000)
  from space 45568K, 87% used [0x00000000edd00000,0x00000000f040ebd0,0x00000000f0980000)
  to   space 50688K, 0% used [0x00000000eab80000,0x00000000eab80000,0x00000000edd00000)
 ParOldGen       total 266240K, used 63393K [0x0000000080000000, 0x0000000090400000, 0x00000000d5580000)
  object space 266240K, 23% used [0x0000000080000000,0x0000000083de8678,0x0000000090400000)
 Metaspace       used 98870K, capacity 104022K, committed 104448K, reserved 1138688K
  class space    used 13536K, capacity 14447K, committed 14592K, reserved 1048576K
Event: 42.037 GC heap after
Heap after GC invocations=19 (full 4):
 PSYoungGen      total 400896K, used 30276K [0x00000000d5580000, 0x00000000f6c80000, 0x0000000100000000)
  eden space 350208K, 0% used [0x00000000d5580000,0x00000000d5580000,0x00000000eab80000)
  from space 50688K, 59% used [0x00000000eab80000,0x00000000ec911190,0x00000000edd00000)
  to   space 51200K, 0% used [0x00000000f3a80000,0x00000000f3a80000,0x00000000f6c80000)
 ParOldGen       total 266240K, used 63401K [0x0000000080000000, 0x0000000090400000, 0x00000000d5580000)
  object space 266240K, 23% used [0x0000000080000000,0x0000000083dea678,0x0000000090400000)
 Metaspace       used 98870K, capacity 104022K, committed 104448K, reserved 1138688K
  class space    used 13536K, capacity 14447K, committed 14592K, reserved 1048576K
}
Event: 42.593 GC heap before
{Heap before GC invocations=20 (full 4):
 PSYoungGen      total 400896K, used 380484K [0x00000000d5580000, 0x00000000f6c80000, 0x0000000100000000)
  eden space 350208K, 100% used [0x00000000d5580000,0x00000000eab80000,0x00000000eab80000)
  from space 50688K, 59% used [0x00000000eab80000,0x00000000ec911190,0x00000000edd00000)
  to   space 51200K, 0% used [0x00000000f3a80000,0x00000000f3a80000,0x00000000f6c80000)
 ParOldGen       total 266240K, used 63401K [0x0000000080000000, 0x0000000090400000, 0x00000000d5580000)
  object space 266240K, 23% used [0x0000000080000000,0x0000000083dea678,0x0000000090400000)
 Metaspace       used 99565K, capacity 104734K, committed 105216K, reserved 1140736K
  class space    used 13594K, capacity 14525K, committed 14592K, reserved 1048576K
Event: 42.612 GC heap after
Heap after GC invocations=20 (full 4):
 PSYoungGen      total 497152K, used 27228K [0x00000000d5580000, 0x00000000f7000000, 0x0000000100000000)
  eden space 445952K, 0% used [0x00000000d5580000,0x00000000d5580000,0x00000000f0900000)
  from space 51200K, 53% used [0x00000000f3a80000,0x00000000f5517038,0x00000000f6c80000)
  to   space 50688K, 0% used [0x00000000f0900000,0x00000000f0900000,0x00000000f3a80000)
 ParOldGen       total 266240K, used 63409K [0x0000000080000000, 0x0000000090400000, 0x00000000d5580000)
  object space 266240K, 23% used [0x0000000080000000,0x0000000083dec678,0x0000000090400000)
 Metaspace       used 99565K, capacity 104734K, committed 105216K, reserved 1140736K
  class space    used 13594K, capacity 14525K, committed 14592K, reserved 1048576K
}
Event: 43.492 GC heap before
{Heap before GC invocations=21 (full 4):
 PSYoungGen      total 497152K, used 473180K [0x00000000d5580000, 0x00000000f7000000, 0x0000000100000000)
  eden space 445952K, 100% used [0x00000000d5580000,0x00000000f0900000,0x00000000f0900000)
  from space 51200K, 53% used [0x00000000f3a80000,0x00000000f5517038,0x00000000f6c80000)
  to   space 50688K, 0% used [0x00000000f0900000,0x00000000f0900000,0x00000000f3a80000)
 ParOldGen       total 266240K, used 63409K [0x0000000080000000, 0x0000000090400000, 0x00000000d5580000)
  object space 266240K, 23% used [0x0000000080000000,0x0000000083dec678,0x0000000090400000)
 Metaspace       used 103153K, capacity 108842K, committed 109056K, reserved 1142784K
  class space    used 13968K, capacity 14981K, committed 15104K, reserved 1048576K
Event: 43.516 GC heap after
Heap after GC invocations=21 (full 4):
 PSYoungGen      total 496640K, used 32441K [0x00000000d5580000, 0x00000000fc080000, 0x0000000100000000)
  eden space 445952K, 0% used [0x00000000d5580000,0x00000000d5580000,0x00000000f0900000)
  from space 50688K, 64% used [0x00000000f0900000,0x00000000f28ae5f0,0x00000000f3a80000)
  to   space 51712K, 0% used [0x00000000f8e00000,0x00000000f8e00000,0x00000000fc080000)
 ParOldGen       total 266240K, used 63417K [0x0000000080000000, 0x0000000090400000, 0x00000000d5580000)
  object space 266240K, 23% used [0x0000000080000000,0x0000000083dee678,0x0000000090400000)
 Metaspace       used 103153K, capacity 108842K, committed 109056K, reserved 1142784K
  class space    used 13968K, capacity 14981K, committed 15104K, reserved 1048576K
}
Event: 44.309 GC heap before
{Heap before GC invocations=22 (full 4):
 PSYoungGen      total 496640K, used 478393K [0x00000000d5580000, 0x00000000fc080000, 0x0000000100000000)
  eden space 445952K, 100% used [0x00000000d5580000,0x00000000f0900000,0x00000000f0900000)
  from space 50688K, 64% used [0x00000000f0900000,0x00000000f28ae5f0,0x00000000f3a80000)
  to   space 51712K, 0% used [0x00000000f8e00000,0x00000000f8e00000,0x00000000fc080000)
 ParOldGen       total 266240K, used 63417K [0x0000000080000000, 0x0000000090400000, 0x00000000d5580000)
  object space 266240K, 23% used [0x0000000080000000,0x0000000083dee678,0x0000000090400000)
 Metaspace       used 106200K, capacity 111968K, committed 112128K, reserved 1146880K
  class space    used 14275K, capacity 15336K, committed 15360K, reserved 1048576K
Event: 44.329 GC heap after
Heap after GC invocations=22 (full 4):
 PSYoungGen      total 576000K, used 25699K [0x00000000d5580000, 0x00000000fbb80000, 0x0000000100000000)
  eden space 529408K, 0% used [0x00000000d5580000,0x00000000d5580000,0x00000000f5a80000)
  from space 46592K, 55% used [0x00000000f8e00000,0x00000000fa718c98,0x00000000fbb80000)
  to   space 49664K, 0% used [0x00000000f5a80000,0x00000000f5a80000,0x00000000f8b00000)
 ParOldGen       total 266240K, used 63425K [0x0000000080000000, 0x0000000090400000, 0x00000000d5580000)
  object space 266240K, 23% used [0x0000000080000000,0x0000000083df0678,0x0000000090400000)
 Metaspace       used 106200K, capacity 111968K, committed 112128K, reserved 1146880K
  class space    used 14275K, capacity 15336K, committed 15360K, reserved 1048576K
}
Event: 48.967 GC heap before
{Heap before GC invocations=23 (full 4):
 PSYoungGen      total 576000K, used 555107K [0x00000000d5580000, 0x00000000fbb80000, 0x0000000100000000)
  eden space 529408K, 100% used [0x00000000d5580000,0x00000000f5a80000,0x00000000f5a80000)
  from space 46592K, 55% used [0x00000000f8e00000,0x00000000fa718c98,0x00000000fbb80000)
  to   space 49664K, 0% used [0x00000000f5a80000,0x00000000f5a80000,0x00000000f8b00000)
 ParOldGen       total 266240K, used 63425K [0x0000000080000000, 0x0000000090400000, 0x00000000d5580000)
  object space 266240K, 23% used [0x0000000080000000,0x0000000083df0678,0x0000000090400000)
 Metaspace       used 145434K, capacity 151916K, committed 152320K, reserved 1181696K
  class space    used 19187K, capacity 20391K, committed 20480K, reserved 1048576K
Event: 49.031 GC heap after
Heap after GC invocations=23 (full 4):
 PSYoungGen      total 579072K, used 49661K [0x00000000d5580000, 0x0000000100000000, 0x0000000100000000)
  eden space 529408K, 0% used [0x00000000d5580000,0x00000000d5580000,0x00000000f5a80000)
  from space 49664K, 99% used [0x00000000f5a80000,0x00000000f8aff5c8,0x00000000f8b00000)
  to   space 60928K, 0% used [0x00000000fc480000,0x00000000fc480000,0x0000000100000000)
 ParOldGen       total 266240K, used 74732K [0x0000000080000000, 0x0000000090400000, 0x00000000d5580000)
  object space 266240K, 28% used [0x0000000080000000,0x00000000848fb1d0,0x0000000090400000)
 Metaspace       used 145434K, capacity 151916K, committed 152320K, reserved 1181696K
  class space    used 19187K, capacity 20391K, committed 20480K, reserved 1048576K
}

Deoptimization events (10 events):
Event: 49.127 Thread 0x000000001c1dd000 Uncommon trap: reason=bimorphic action=maybe_recompile pc=0x00000000047af0ec method=java.lang.StringCoding.encode(Ljava/nio/charset/Charset;[CII)[B @ 1
Event: 49.143 Thread 0x000000001c1dd000 Uncommon trap: reason=unstable_if action=reinterpret pc=0x0000000004885888 method=org.jetbrains.kotlin.protobuf.CodedInputStream.readRawVarint32()I @ 10
Event: 49.226 Thread 0x000000001c1dd000 Uncommon trap: reason=null_check action=make_not_entrant pc=0x00000000061edb5c method=com.intellij.psi.impl.compiled.StubBuildingVisitor.constToString(Ljava/lang/Object;Ljava/lang/String;ZLcom/intellij/util/Function;)Ljava/lang/String; @ 148
Event: 49.372 Thread 0x000000001c1dd000 Uncommon trap: reason=class_check action=maybe_recompile pc=0x0000000006214950 method=com.intellij.psi.scope.ElementClassFilter.isAcceptable(Ljava/lang/Object;Lcom/intellij/psi/PsiElement;)Z @ 49
Event: 49.372 Thread 0x000000001c1dd000 Uncommon trap: reason=class_check action=maybe_recompile pc=0x00000000062028a8 method=com.intellij.psi.impl.PsiClassImplUtil$1.add(Lcom/intellij/psi/PsiElement;Lcom/intellij/psi/PsiSubstitutor;)V @ 27
Event: 49.372 Thread 0x000000001c1dd000 Uncommon trap: reason=class_check action=maybe_recompile pc=0x0000000006214950 method=com.intellij.psi.scope.ElementClassFilter.isAcceptable(Ljava/lang/Object;Lcom/intellij/psi/PsiElement;)Z @ 49
Event: 49.372 Thread 0x000000001c1dd000 Uncommon trap: reason=class_check action=maybe_recompile pc=0x00000000062028a8 method=com.intellij.psi.impl.PsiClassImplUtil$1.add(Lcom/intellij/psi/PsiElement;Lcom/intellij/psi/PsiSubstitutor;)V @ 27
Event: 49.372 Thread 0x000000001c1dd000 Uncommon trap: reason=class_check action=maybe_recompile pc=0x0000000006214950 method=com.intellij.psi.scope.ElementClassFilter.isAcceptable(Ljava/lang/Object;Lcom/intellij/psi/PsiElement;)Z @ 49
Event: 49.372 Thread 0x000000001c1dd000 Uncommon trap: reason=class_check action=maybe_recompile pc=0x00000000062028a8 method=com.intellij.psi.impl.PsiClassImplUtil$1.add(Lcom/intellij/psi/PsiElement;Lcom/intellij/psi/PsiSubstitutor;)V @ 27
Event: 49.816 Thread 0x000000001c1dd000 Uncommon trap: reason=unstable_if action=reinterpret pc=0x0000000006231c08 method=org.objectweb.asm.ClassReader.readUtf(II[C)Ljava/lang/String; @ 41

Classes redefined (0 events):
No events

Internal exceptions (10 events):
Event: 48.328 Thread 0x000000001c1dd000 Exception <a 'java/lang/ClassNotFoundException': java/util/AbstractSequentialListBeanInfo> (0x00000000f3e17d28) thrown at [C:\ade\jenkins\workspace\8-2-build-windows-amd64-cygwin\jdk8u241\331\hotspot\src\share\vm\classfile\systemDictionary.cpp, line 210]
Event: 48.328 Thread 0x000000001c1dd000 Exception <a 'java/lang/ClassNotFoundException': java/util/AbstractSequentialListCustomizer> (0x00000000f3e236b0) thrown at [C:\ade\jenkins\workspace\8-2-build-windows-amd64-cygwin\jdk8u241\331\hotspot\src\share\vm\classfile\systemDictionary.cpp, line 210
Event: 48.329 Thread 0x000000001c1dd000 Exception <a 'java/lang/ClassNotFoundException': java/util/LinkedListCustomizer> (0x00000000f3e38648) thrown at [C:\ade\jenkins\workspace\8-2-build-windows-amd64-cygwin\jdk8u241\331\hotspot\src\share\vm\classfile\systemDictionary.cpp, line 210]
Event: 48.332 Thread 0x000000001c1dd000 Exception <a 'java/lang/ClassNotFoundException': org/codehaus/groovy/ast/ClassNodeBeanInfo> (0x00000000f3ee9630) thrown at [C:\ade\jenkins\workspace\8-2-build-windows-amd64-cygwin\jdk8u241\331\hotspot\src\share\vm\classfile\systemDictionary.cpp, line 210]
Event: 48.333 Thread 0x000000001c1dd000 Exception <a 'java/lang/ClassNotFoundException': org/codehaus/groovy/ast/AnnotatedNodeBeanInfo> (0x00000000f3f26a18) thrown at [C:\ade\jenkins\workspace\8-2-build-windows-amd64-cygwin\jdk8u241\331\hotspot\src\share\vm\classfile\systemDictionary.cpp, line 
Event: 48.334 Thread 0x000000001c1dd000 Exception <a 'java/lang/ClassNotFoundException': org/codehaus/groovy/ast/AnnotatedNodeCustomizer> (0x00000000f3f64ca0) thrown at [C:\ade\jenkins\workspace\8-2-build-windows-amd64-cygwin\jdk8u241\331\hotspot\src\share\vm\classfile\systemDictionary.cpp, lin
Event: 48.335 Thread 0x000000001c1dd000 Exception <a 'java/lang/ClassNotFoundException': org/codehaus/groovy/ast/ClassNodeCustomizer> (0x00000000f3fb05e8) thrown at [C:\ade\jenkins\workspace\8-2-build-windows-amd64-cygwin\jdk8u241\331\hotspot\src\share\vm\classfile\systemDictionary.cpp, line 21
Event: 48.519 Thread 0x000000001c1dd000 Exception <a 'java/io/FileNotFoundException'> (0x00000000f4217cb0) thrown at [C:\ade\jenkins\workspace\8-2-build-windows-amd64-cygwin\jdk8u241\331\hotspot\src\share\vm\prims\jni.cpp, line 710]
Event: 48.621 Thread 0x000000001c1dd000 Exception <a 'java/io/FileNotFoundException'> (0x00000000f42b9d60) thrown at [C:\ade\jenkins\workspace\8-2-build-windows-amd64-cygwin\jdk8u241\331\hotspot\src\share\vm\prims\jni.cpp, line 710]
Event: 49.226 Thread 0x000000001c1dd000 Implicit null exception at 0x00000000061ec23e to 0x00000000061edb4d

Events (10 events):
Event: 49.866 Thread 0x000000001c1dd000 DEOPT PACKING pc=0x0000000002e60852 sp=0x00000000291fa260
Event: 49.866 Thread 0x000000001c1dd000 DEOPT UNPACKING pc=0x0000000002bb7890 sp=0x00000000291f9fc0 mode 0
Event: 49.866 Thread 0x000000001c1dd000 DEOPT PACKING pc=0x0000000002e60852 sp=0x00000000291fa260
Event: 49.866 Thread 0x000000001c1dd000 DEOPT UNPACKING pc=0x0000000002bb7890 sp=0x00000000291f9fc0 mode 0
Event: 49.866 Thread 0x000000001c1dd000 DEOPT PACKING pc=0x0000000002e60852 sp=0x00000000291fa260
Event: 49.866 Thread 0x000000001c1dd000 DEOPT UNPACKING pc=0x0000000002bb7890 sp=0x00000000291f9fc0 mode 0
Event: 49.867 Thread 0x000000001c1dd000 DEOPT PACKING pc=0x0000000002e60852 sp=0x00000000291fa260
Event: 49.867 Thread 0x000000001c1dd000 DEOPT UNPACKING pc=0x0000000002bb7890 sp=0x00000000291f9fc0 mode 0
Event: 49.870 Thread 0x000000001c1dd000 DEOPT PACKING pc=0x00000000056ce854 sp=0x00000000291fa890
Event: 49.870 Thread 0x000000001c1dd000 DEOPT UNPACKING pc=0x0000000002bb7890 sp=0x00000000291fa5f0 mode 0


Dynamic libraries:
0x00007ff6879d0000 - 0x00007ff687a07000 	C:\Program Files\Java\jdk1.8.0_241\bin\java.exe
0x00007ffc6be90000 - 0x00007ffc6c086000 	C:\WINDOWS\SYSTEM32\ntdll.dll
0x00007ffc6a590000 - 0x00007ffc6a64d000 	C:\WINDOWS\System32\KERNEL32.DLL
0x00007ffc69700000 - 0x00007ffc699c9000 	C:\WINDOWS\System32\KERNELBASE.dll
0x00007ffc6b760000 - 0x00007ffc6b80c000 	C:\WINDOWS\System32\ADVAPI32.dll
0x00007ffc6b810000 - 0x00007ffc6b8ae000 	C:\WINDOWS\System32\msvcrt.dll
0x00007ffc6bb90000 - 0x00007ffc6bc2c000 	C:\WINDOWS\System32\sechost.dll
0x00007ffc6bcf0000 - 0x00007ffc6be1b000 	C:\WINDOWS\System32\RPCRT4.dll
0x00007ffc6abf0000 - 0x00007ffc6ad90000 	C:\WINDOWS\System32\USER32.dll
0x00007ffc69c30000 - 0x00007ffc69c52000 	C:\WINDOWS\System32\win32u.dll
0x00007ffc69ff0000 - 0x00007ffc6a01a000 	C:\WINDOWS\System32\GDI32.dll
0x00007ffc69b20000 - 0x00007ffc69c29000 	C:\WINDOWS\System32\gdi32full.dll
0x00007ffc69cc0000 - 0x00007ffc69d5d000 	C:\WINDOWS\System32\msvcp_win.dll
0x00007ffc699d0000 - 0x00007ffc69ad0000 	C:\WINDOWS\System32\ucrtbase.dll
0x00007ffc689c0000 - 0x00007ffc68c5b000 	C:\WINDOWS\WinSxS\amd64_microsoft.windows.common-controls_6595b64144ccf1df_6.0.19041.488_none_ca04af081b815d21\COMCTL32.dll
0x00007ffc6b8b0000 - 0x00007ffc6b8e0000 	C:\WINDOWS\System32\IMM32.DLL
0x0000000065300000 - 0x00000000653d2000 	C:\Program Files\Java\jdk1.8.0_241\jre\bin\msvcr100.dll
0x0000000064a50000 - 0x00000000652fc000 	C:\Program Files\Java\jdk1.8.0_241\jre\bin\server\jvm.dll
0x00007ffc6bc30000 - 0x00007ffc6bc38000 	C:\WINDOWS\System32\PSAPI.DLL
0x00007ffc47100000 - 0x00007ffc47109000 	C:\WINDOWS\SYSTEM32\WSOCK32.dll
0x00007ffc66f90000 - 0x00007ffc66f9a000 	C:\WINDOWS\SYSTEM32\VERSION.dll
0x00007ffc4fd60000 - 0x00007ffc4fd87000 	C:\WINDOWS\SYSTEM32\WINMM.dll
0x00007ffc6b6f0000 - 0x00007ffc6b75b000 	C:\WINDOWS\System32\WS2_32.dll
0x00007ffc66120000 - 0x00007ffc6612f000 	C:\Program Files\Java\jdk1.8.0_241\jre\bin\verify.dll
0x00007ffc48b00000 - 0x00007ffc48b29000 	C:\Program Files\Java\jdk1.8.0_241\jre\bin\java.dll
0x00007ffc48ae0000 - 0x00007ffc48af6000 	C:\Program Files\Java\jdk1.8.0_241\jre\bin\zip.dll
0x00007ffc6ada0000 - 0x00007ffc6b4e2000 	C:\WINDOWS\System32\SHELL32.dll
0x00007ffc66730000 - 0x00007ffc66ec5000 	C:\WINDOWS\SYSTEM32\windows.storage.dll
0x00007ffc6a150000 - 0x00007ffc6a4a6000 	C:\WINDOWS\System32\combase.dll
0x00007ffc68920000 - 0x00007ffc6894c000 	C:\WINDOWS\SYSTEM32\Wldp.dll
0x00007ffc6bc40000 - 0x00007ffc6bcee000 	C:\WINDOWS\System32\SHCORE.dll
0x00007ffc6b8e0000 - 0x00007ffc6b935000 	C:\WINDOWS\System32\shlwapi.dll
0x00007ffc694d0000 - 0x00007ffc694f6000 	C:\WINDOWS\SYSTEM32\profapi.dll
0x00007ffc48500000 - 0x00007ffc4851a000 	C:\Program Files\Java\jdk1.8.0_241\jre\bin\net.dll
0x00007ffc68600000 - 0x00007ffc6866a000 	C:\WINDOWS\system32\mswsock.dll
0x00007ffc469e0000 - 0x00007ffc469f2000 	C:\Program Files\Java\jdk1.8.0_241\jre\bin\nio.dll
0x00007ffc2f130000 - 0x00007ffc2f156000 	C:\Users\frank\.gradle\native\31\windows-amd64\native-platform.dll
0x00007ffc5b870000 - 0x00007ffc5b87d000 	C:\Program Files\Java\jdk1.8.0_241\jre\bin\management.dll
0x00007ffc69330000 - 0x00007ffc69348000 	C:\WINDOWS\SYSTEM32\CRYPTSP.dll
0x00007ffc68000000 - 0x00007ffc68034000 	C:\WINDOWS\system32\rsaenh.dll
0x00007ffc69620000 - 0x00007ffc69647000 	C:\WINDOWS\System32\bcrypt.dll
0x00007ffc69490000 - 0x00007ffc694be000 	C:\WINDOWS\SYSTEM32\USERENV.dll
0x00007ffc695a0000 - 0x00007ffc69620000 	C:\WINDOWS\System32\bcryptprimitives.dll
0x00007ffc68840000 - 0x00007ffc6884c000 	C:\WINDOWS\SYSTEM32\CRYPTBASE.dll
0x00007ffc68330000 - 0x00007ffc6836b000 	C:\WINDOWS\SYSTEM32\IPHLPAPI.DLL
0x00007ffc6ad90000 - 0x00007ffc6ad98000 	C:\WINDOWS\System32\NSI.dll
0x00007ffc62da0000 - 0x00007ffc62db7000 	C:\WINDOWS\SYSTEM32\dhcpcsvc6.DLL
0x00007ffc62d40000 - 0x00007ffc62d5d000 	C:\WINDOWS\SYSTEM32\dhcpcsvc.DLL
0x00007ffc68370000 - 0x00007ffc6843b000 	C:\WINDOWS\SYSTEM32\DNSAPI.dll
0x00007ffc467c0000 - 0x00007ffc467e4000 	C:\Program Files\Java\jdk1.8.0_241\jre\bin\sunec.dll
0x00007ffc29e20000 - 0x00007ffc29fba000 	C:\Program Files\Java\jdk1.8.0_241\jre\bin\awt.dll
0x00007ffc6a020000 - 0x00007ffc6a0ed000 	C:\WINDOWS\System32\OLEAUT32.dll
0x00007ffc658b0000 - 0x00007ffc65940000 	C:\WINDOWS\SYSTEM32\apphelp.dll
0x00007ffc66300000 - 0x00007ffc6632f000 	C:\WINDOWS\system32\DWMAPI.DLL
0x00007ffc65c50000 - 0x00007ffc65cee000 	C:\WINDOWS\system32\uxtheme.dll

VM Arguments:
jvm_args: -Xmx2048m -Dfile.encoding=GBK -Duser.country=CN -Duser.language=zh -Duser.variant 
java_command: org.gradle.launcher.daemon.bootstrap.GradleDaemon 6.1.1
java_class_path (initial): C:\Users\frank\.gradle\wrapper\dists\gradle-6.1.1-all\cfmwm155h49vnt3hynmlrsdst\gradle-6.1.1\lib\gradle-launcher-6.1.1.jar
Launcher Type: SUN_STANDARD

Environment Variables:
JAVA_HOME=C:\Program Files\Java\jdk1.8.0_241
PATH=C:\Program Files (x86)\Common Files\Oracle\Java\javapath;C:\Windows\system32;C:\Windows;C:\Windows\System32\Wbem;C:\Windows\System32\WindowsPowerShell\v1.0\;C:\Windows\System32\OpenSSH\;C:\Program Files\NVIDIA Corporation\NVIDIA NvDLISR;C:\Program Files\Intel\WiFi\bin\;C:\Program Files\Common Files\Intel\WirelessCommon\;C:\Users\frank\AppData\Local\Programs\Python\Python37-32;C:\Program Files (x86)\NVIDIA Corporation\PhysX\Common;C:\Program Files\Java\jdk1.8.0_241\bin;C:\ProgramData\chocolatey\bin;C:\WINDOWS\system32;C:\WINDOWS;C:\WINDOWS\System32\Wbem;C:\WINDOWS\System32\WindowsPowerShell\v1.0\;C:\WINDOWS\System32\OpenSSH\;C:\Users\frank\AppData\Local\Programs\Python\Python37-32\Scripts\;C:\Users\frank\AppData\Local\Programs\Python\Python37-32\;C:\Users\frank\AppData\Local\Microsoft\WindowsApps;C:\Program Files\Bandizip\;C:\ProgramData\chocolatey\lib\gsudo\bin\;
USERNAME=frank
OS=Windows_NT
PROCESSOR_IDENTIFIER=Intel64 Family 6 Model 158 Stepping 10, GenuineIntel



---------------  S Y S T E M  ---------------

OS: Windows 10.0 , 64 bit Build 19041 (10.0.19041.662)

CPU:total 12 (initial active 12) (6 cores per cpu, 2 threads per core) family 6 model 158 stepping 10, cmov, cx8, fxsr, mmx, sse, sse2, sse3, ssse3, sse4.1, sse4.2, popcnt, avx, avx2, aes, clmul, erms, 3dnowpref, lzcnt, ht, tsc, tscinvbit, bmi1, bmi2, adx

Memory: 4k page, physical 16650584k(2673100k free), swap 20844888k(5148k free)

vm_info: Java HotSpot(TM) 64-Bit Server VM (25.241-b07) for windows-amd64 JRE (1.8.0_241-b07), built on Dec 11 2019 10:21:40 by "rejava" with MS VC++ 10.0 (VS2010)

time: Sun Dec 20 14:57:54 2020
timezone: 东部标准时间
elapsed time: 49 seconds (0d 0h 0m 49s)

