#
# There is insufficient memory for the Java Runtime Environment to continue.
# Native memory allocation (malloc) failed to allocate 1095856 bytes for Chunk::new
# Possible reasons:
#   The system is out of physical RAM or swap space
#   The process is running with CompressedOops enabled, and the Java Heap may be blocking the growth of the native heap
# Possible solutions:
#   Reduce memory load on the system
#   Increase physical memory or swap space
#   Check if swap backing store is full
#   Decrease Java heap size (-Xmx/-Xms)
#   Decrease number of Java threads
#   Decrease Java thread stack sizes (-Xss)
#   Set larger code cache with -XX:ReservedCodeCacheSize=
#   JVM is running with Unscaled Compressed Oops mode in which the Java heap is
#     placed in the first 4GB address space. The Java Heap base address is the
#     maximum limit for the native heap growth. Please use -XX:HeapBaseMinAddress
#     to set the Java Heap base and to place the Java Heap above 4GB virtual address.
# This output file may be truncated or incomplete.
#
#  Out of Memory Error (allocation.cpp:389), pid=27860, tid=0x000000000000589c
#
# JRE version: Java(TM) SE Runtime Environment (8.0_241-b07) (build 1.8.0_241-b07)
# Java VM: Java HotSpot(TM) 64-Bit Server VM (25.241-b07 mixed mode windows-amd64 compressed oops)
# Failed to write core dump. Minidumps are not enabled by default on client versions of Windows
#

---------------  T H R E A D  ---------------

Current thread (0x00000000192ae000):  JavaThread "C2 CompilerThread2" daemon [_thread_in_native, id=22684, stack(0x000000001aa20000,0x000000001ab20000)]

Stack: [0x000000001aa20000,0x000000001ab20000]
[error occurred during error reporting (printing stack bounds), id 0xc0000005]

Native frames: (J=compiled Java code, j=interpreted, Vv=VM code, C=native code)


Current CompileTask:
C2: 892406 32306   !   4       java.io.ObjectInputStream::readSerialData (367 bytes)


---------------  P R O C E S S  ---------------

Java Threads: ( => current thread )
  0x00000000207b5800 JavaThread "stdout" [_thread_in_native, id=27372, stack(0x0000000034560000,0x0000000034660000)]
  0x00000000207b5000 JavaThread "stderr" [_thread_in_native, id=15100, stack(0x0000000031d90000,0x0000000031e90000)]
  0x00000000207b6800 JavaThread "stdout" [_thread_in_native, id=6032, stack(0x0000000035260000,0x0000000035360000)]
  0x00000000207b4000 JavaThread "stderr" [_thread_in_native, id=28380, stack(0x0000000035160000,0x0000000035260000)]
  0x00000000207b3800 JavaThread "stdout" [_thread_in_native, id=22936, stack(0x0000000035060000,0x0000000035160000)]
  0x00000000207b2000 JavaThread "stderr" [_thread_in_native, id=19836, stack(0x0000000034f60000,0x0000000035060000)]
  0x00000000207b8000 JavaThread "stdout" [_thread_in_native, id=9984, stack(0x0000000034e60000,0x0000000034f60000)]
  0x00000000207b7000 JavaThread "stderr" [_thread_in_native, id=11128, stack(0x0000000034d60000,0x0000000034e60000)]
  0x00000000207a9800 JavaThread "stdout" [_thread_in_native, id=8012, stack(0x0000000034960000,0x0000000034a60000)]
  0x00000000207af800 JavaThread "stderr" [_thread_in_native, id=26548, stack(0x0000000034700000,0x0000000034800000)]
  0x00000000207ae000 JavaThread "stdout" [_thread_in_native, id=11992, stack(0x0000000034460000,0x0000000034560000)]
  0x00000000207ac000 JavaThread "stderr" [_thread_in_native, id=25504, stack(0x0000000034360000,0x0000000034460000)]
  0x00000000207b0800 JavaThread "WorkerExecutor Queue Thread 8" [_thread_blocked, id=20968, stack(0x0000000034260000,0x0000000034360000)]
  0x00000000207ab000 JavaThread "WorkerExecutor Queue Thread 7" [_thread_blocked, id=25932, stack(0x0000000034160000,0x0000000034260000)]
  0x00000000207ac800 JavaThread "WorkerExecutor Queue Thread 6" [_thread_blocked, id=26604, stack(0x0000000033e60000,0x0000000033f60000)]
  0x000000001cd33800 JavaThread "WorkerExecutor Queue Thread 5" [_thread_blocked, id=25128, stack(0x0000000033d60000,0x0000000033e60000)]
  0x000000001cd32800 JavaThread "WorkerExecutor Queue Thread 4" [_thread_blocked, id=18376, stack(0x0000000033c60000,0x0000000033d60000)]
  0x000000001cd34000 JavaThread "WorkerExecutor Queue Thread 3" [_thread_blocked, id=26132, stack(0x0000000033b60000,0x0000000033c60000)]
  0x000000001cd2b000 JavaThread "WorkerExecutor Queue Thread 2" [_thread_blocked, id=18448, stack(0x0000000033a60000,0x0000000033b60000)]
  0x000000001cd31800 JavaThread "WorkerExecutor Queue" [_thread_blocked, id=22724, stack(0x0000000031f00000,0x0000000032000000)]
  0x000000001cd2b800 JavaThread "stdout" [_thread_in_native, id=4580, stack(0x0000000033960000,0x0000000033a60000)]
  0x000000001cd2e800 JavaThread "stderr" [_thread_in_native, id=12724, stack(0x00000000325e0000,0x00000000326e0000)]
  0x000000001cd2e000 JavaThread "stdout" [_thread_in_native, id=27568, stack(0x00000000324e0000,0x00000000325e0000)]
  0x000000001cd2a000 JavaThread "stderr" [_thread_in_native, id=11524, stack(0x00000000323e0000,0x00000000324e0000)]
  0x000000001cd30000 JavaThread "stdout" [_thread_in_native, id=19740, stack(0x00000000322e0000,0x00000000323e0000)]
  0x000000001cd2f800 JavaThread "stderr" [_thread_in_native, id=26008, stack(0x000000002f710000,0x000000002f810000)]
  0x000000001cd27000 JavaThread "pool-21-thread-1" [_thread_blocked, id=18248, stack(0x000000002dc00000,0x000000002dd00000)]
  0x000000001cd26800 JavaThread "Cache worker for execution history cache (C:\codepath\SimpleToDo\.gradle\6.1.1\executionHistory)" [_thread_blocked, id=23736, stack(0x000000002c600000,0x000000002c700000)]
  0x000000001cd28800 JavaThread "Execution worker for ':' Thread 11" [_thread_blocked, id=19176, stack(0x000000002c100000,0x000000002c200000)]
  0x000000001cd25800 JavaThread "Execution worker for ':' Thread 10" [_thread_in_native, id=10700, stack(0x000000002c000000,0x000000002c100000)]
  0x0000000023b21800 JavaThread "Execution worker for ':' Thread 9" [_thread_in_Java, id=3260, stack(0x000000002be00000,0x000000002bf00000)]
  0x0000000023b28800 JavaThread "Execution worker for ':' Thread 8" [_thread_blocked, id=19844, stack(0x000000002bd00000,0x000000002be00000)]
  0x0000000023b21000 JavaThread "Execution worker for ':' Thread 7" [_thread_blocked, id=1968, stack(0x000000002bc00000,0x000000002bd00000)]
  0x0000000023b26000 JavaThread "Execution worker for ':' Thread 6" [_thread_blocked, id=28008, stack(0x000000002b900000,0x000000002ba00000)]
  0x0000000023b25800 JavaThread "Execution worker for ':' Thread 5" [_thread_blocked, id=22584, stack(0x000000002b800000,0x000000002b900000)]
  0x0000000023b24000 JavaThread "Execution worker for ':' Thread 4" [_thread_in_native, id=5780, stack(0x000000002b4d0000,0x000000002b5d0000)]
  0x0000000023b23000 JavaThread "Execution worker for ':' Thread 3" [_thread_in_Java, id=13112, stack(0x000000002b3d0000,0x000000002b4d0000)]
  0x0000000023b27800 JavaThread "Execution worker for ':' Thread 2" [_thread_blocked, id=12692, stack(0x000000002aed0000,0x000000002afd0000)]
  0x0000000023b27000 JavaThread "Execution worker for ':'" [_thread_in_Java, id=1192, stack(0x000000002acd0000,0x000000002add0000)]
  0x0000000023b22800 JavaThread "Cache worker for file content cache (C:\codepath\SimpleToDo\.gradle\6.1.1\fileContent)" [_thread_blocked, id=6972, stack(0x000000002abd0000,0x000000002acd0000)]
  0x0000000023b19800 JavaThread "Cache worker for Build Output Cleanup Cache (C:\codepath\SimpleToDo\.gradle\buildOutputCleanup)" [_thread_blocked, id=18880, stack(0x00000000267e0000,0x00000000268e0000)]
  0x0000000023b1f800 JavaThread "Build operations Thread 12" [_thread_blocked, id=18456, stack(0x0000000025e40000,0x0000000025f40000)]
  0x0000000023b1e800 JavaThread "Build operations Thread 11" [_thread_blocked, id=24660, stack(0x0000000025d40000,0x0000000025e40000)]
  0x0000000023b1c800 JavaThread "Build operations Thread 10" [_thread_blocked, id=21788, stack(0x0000000025c40000,0x0000000025d40000)]
  0x0000000023b1b800 JavaThread "Build operations Thread 9" [_thread_blocked, id=24212, stack(0x0000000025b40000,0x0000000025c40000)]
  0x0000000023b1b000 JavaThread "Build operations Thread 8" [_thread_blocked, id=28124, stack(0x0000000025a40000,0x0000000025b40000)]
  0x0000000023b1a000 JavaThread "Build operations Thread 7" [_thread_blocked, id=28212, stack(0x0000000025940000,0x0000000025a40000)]
  0x0000000020719000 JavaThread "Build operations Thread 6" [_thread_blocked, id=24512, stack(0x00000000247a0000,0x00000000248a0000)]
  0x0000000020717000 JavaThread "Build operations Thread 5" [_thread_blocked, id=18344, stack(0x0000000024440000,0x0000000024540000)]
  0x000000002071a000 JavaThread "Build operations Thread 4" [_thread_blocked, id=25980, stack(0x0000000024340000,0x0000000024440000)]
  0x0000000020716000 JavaThread "Build operations Thread 3" [_thread_blocked, id=12444, stack(0x0000000024240000,0x0000000024340000)]
  0x0000000020715800 JavaThread "Build operations Thread 2" [_thread_blocked, id=27448, stack(0x0000000021210000,0x0000000021310000)]
  0x000000002071b800 JavaThread "Build operations" [_thread_blocked, id=24220, stack(0x0000000021110000,0x0000000021210000)]
  0x0000000020718800 JavaThread "Cache worker for cache directory md-rule (C:\Users\frank\.gradle\caches\6.1.1\md-rule)" [_thread_blocked, id=5872, stack(0x0000000021010000,0x0000000021110000)]
  0x000000002070d800 JavaThread "Cache worker for cache directory md-supplier (C:\Users\frank\.gradle\caches\6.1.1\md-supplier)" [_thread_blocked, id=8676, stack(0x0000000020f10000,0x0000000021010000)]
  0x0000000020714800 JavaThread "Cache worker for file hash cache (C:\codepath\SimpleToDo\.gradle\6.1.1\fileHashes)" [_thread_blocked, id=10680, stack(0x0000000020e10000,0x0000000020f10000)]
  0x000000002070d000 JavaThread "Cache worker for checksums cache (C:\codepath\SimpleToDo\.gradle\checksums)" [_thread_blocked, id=2096, stack(0x000000001e470000,0x000000001e570000)]
  0x0000000020712800 JavaThread "Thread-407" [_thread_blocked, id=23724, stack(0x000000001e170000,0x000000001e270000)]
  0x0000000020711800 JavaThread "Stdin handler" [_thread_blocked, id=4892, stack(0x000000001df70000,0x000000001e070000)]
  0x0000000020714000 JavaThread "Asynchronous log dispatcher for DefaultDaemonConnection: socket connection from /127.0.0.1:59643 to /127.0.0.1:61917" [_thread_blocked, id=17768, stack(0x000000001dc70000,0x000000001dd70000)]
  0x0000000020711000 JavaThread "Cancel handler" [_thread_blocked, id=25092, stack(0x0000000000980000,0x0000000000a80000)]
  0x000000002070c000 JavaThread "Handler for socket connection from /127.0.0.1:59643 to /127.0.0.1:61917" [_thread_in_native, id=26112, stack(0x0000000000880000,0x0000000000980000)]
  0x000000001fef8000 JavaThread "ForkJoinPool.commonPool-worker-5" daemon [_thread_blocked, id=10740, stack(0x0000000031870000,0x0000000031970000)]
  0x00000000207aa800 JavaThread "Exec process Thread 4" [_thread_blocked, id=12400, stack(0x0000000034c60000,0x0000000034d60000)]
  0x00000000207b1000 JavaThread "Exec process Thread 3" [_thread_blocked, id=26432, stack(0x0000000034b60000,0x0000000034c60000)]
  0x00000000207ad800 JavaThread "Exec process Thread 2" [_thread_blocked, id=22096, stack(0x0000000034a60000,0x0000000034b60000)]
  0x00000000207a9000 JavaThread "Exec process" [_thread_blocked, id=11652, stack(0x0000000034860000,0x0000000034960000)]
  0x000000001fef7800 JavaThread "Java2D Disposer" daemon [_thread_blocked, id=26792, stack(0x000000002ba00000,0x000000002bb00000)]
  0x000000002070e800 JavaThread "ForkJoinPool.commonPool-worker-1" daemon [_thread_blocked, id=22276, stack(0x000000002bf00000,0x000000002c000000)]
  0x0000000020710000 JavaThread "ForkJoinPool.commonPool-worker-13" daemon [_thread_blocked, id=27264, stack(0x000000002bb00000,0x000000002bc00000)]
  0x000000001cd35000 JavaThread "Cache worker for Java compile cache (C:\Users\frank\.gradle\caches\6.1.1\javaCompile)" [_thread_blocked, id=13564, stack(0x000000002add0000,0x000000002aed0000)]
  0x000000001cd29800 JavaThread "Cache worker for file content cache (C:\Users\frank\.gradle\caches\6.1.1\fileContent)" [_thread_blocked, id=1596, stack(0x0000000027ed0000,0x0000000027fd0000)]
  0x000000001cd2c800 JavaThread "Memory manager" [_thread_blocked, id=20768, stack(0x00000000276e0000,0x00000000277e0000)]
  0x0000000023b1e000 JavaThread "Daemon worker Thread 3" [_thread_blocked, id=16040, stack(0x000000001db70000,0x000000001dc70000)]
  0x0000000023b1d000 JavaThread "Daemon Thread 3" [_thread_blocked, id=4568, stack(0x0000000000780000,0x0000000000880000)]
  0x000000001cc19000 JavaThread "Cache worker for execution history cache (C:\Users\frank\.gradle\caches\6.1.1\executionHistory)" [_thread_blocked, id=14084, stack(0x0000000022570000,0x0000000022670000)]
  0x000000001cc13000 JavaThread "Cache worker for file hash cache (C:\Users\frank\.gradle\caches\6.1.1\fileHashes)" [_thread_blocked, id=27216, stack(0x000000001e970000,0x000000001ea70000)]
  0x000000001cc14800 JavaThread "File lock request listener" [_thread_in_native, id=26100, stack(0x000000001e870000,0x000000001e970000)]
  0x000000001cc17000 JavaThread "Cache worker for journal cache (C:\Users\frank\.gradle\caches\journal-1)" [_thread_blocked, id=15240, stack(0x000000001e770000,0x000000001e870000)]
  0x000000001ca7c000 JavaThread "Daemon periodic checks" [_thread_blocked, id=23948, stack(0x000000001da70000,0x000000001db70000)]
  0x000000001ca69800 JavaThread "Incoming local TCP Connector on port 59643" [_thread_in_native, id=22792, stack(0x000000001d8c0000,0x000000001d9c0000)]
  0x000000001c993000 JavaThread "Daemon health stats" [_thread_blocked, id=22392, stack(0x000000001d5c0000,0x000000001d6c0000)]
  0x0000000019337000 JavaThread "Service Thread" daemon [_thread_blocked, id=22072, stack(0x000000001ac20000,0x000000001ad20000)]
  0x00000000192b2800 JavaThread "C1 CompilerThread3" daemon [_thread_in_native, id=10868, stack(0x000000001ab20000,0x000000001ac20000)]
=>0x00000000192ae000 JavaThread "C2 CompilerThread2" daemon [_thread_in_native, id=22684, stack(0x000000001aa20000,0x000000001ab20000)]
  0x000000001924f000 JavaThread "C2 CompilerThread1" daemon [_thread_in_native, id=11552, stack(0x000000001a920000,0x000000001aa20000)]
  0x000000001924c800 JavaThread "C2 CompilerThread0" daemon [_thread_in_native, id=28436, stack(0x000000001a820000,0x000000001a920000)]
  0x0000000019248800 JavaThread "Attach Listener" daemon [_thread_blocked, id=7220, stack(0x000000001a720000,0x000000001a820000)]
  0x00000000192a6000 JavaThread "Signal Dispatcher" daemon [_thread_blocked, id=20180, stack(0x000000001a620000,0x000000001a720000)]
  0x00000000028fa000 JavaThread "Finalizer" daemon [_thread_blocked, id=14632, stack(0x000000001a4a0000,0x000000001a5a0000)]
  0x00000000028f9000 JavaThread "Reference Handler" daemon [_thread_blocked, id=25876, stack(0x000000001a3a0000,0x000000001a4a0000)]
  0x000000000230e800 JavaThread "main" [_thread_blocked, id=9720, stack(0x0000000002700000,0x0000000002800000)]

Other Threads:
  0x0000000019212800 VMThread [stack: 0x000000001a2a0000,0x000000001a3a0000] [id=22232]
  0x000000001936d000 WatcherThread [stack: 0x000000001ad20000,0x000000001ae20000] [id=25252]

VM state:not at safepoint (normal execution)

VM Mutex/Monitor currently owned by a thread: None

heap address: 0x0000000080000000, size: 2048 MB, Compressed Oops mode: 32-bit
Narrow klass base: 0x0000000000000000, Narrow klass shift: 3
Compressed class space size: 1073741824 Address: 0x0000000100000000

Heap:
 PSYoungGen      total 460288K, used 389806K [0x00000000d5580000, 0x00000000f8880000, 0x0000000100000000)
  eden space 385536K, 97% used [0x00000000d5580000,0x00000000ec355fe8,0x00000000ece00000)
  from space 74752K, 20% used [0x00000000ece00000,0x00000000edcd5970,0x00000000f1700000)
  to   space 74240K, 0% used [0x00000000f4000000,0x00000000f4000000,0x00000000f8880000)
 ParOldGen       total 290816K, used 109354K [0x0000000080000000, 0x0000000091c00000, 0x00000000d5580000)
  object space 290816K, 37% used [0x0000000080000000,0x0000000086aca928,0x0000000091c00000)
 Metaspace       used 165777K, capacity 174922K, committed 175232K, reserved 1202176K
  class space    used 21122K, capacity 22789K, committed 22912K, reserved 1048576K

Card table byte_map: [0x0000000011cc0000,0x00000000120d0000] byte_map_base: 0x00000000118c0000

Marking Bits: (ParMarkBitMap*) 0x000000006527be30
 Begin Bits: [0x0000000012d80000, 0x0000000014d80000)
 End Bits:   [0x0000000014d80000, 0x0000000016d80000)

Polling page: 0x00000000022b0000

CodeCache: size=245760Kb used=86922Kb max_used=86922Kb free=158837Kb
 bounds [0x0000000002900000, 0x0000000007e60000, 0x0000000011900000]
 total_blobs=27353 nmethods=26245 adapters=1013
 compilation: enabled

Compilation events (10 events):
Event: 892.396 Thread 0x00000000192b2800 nmethod 32453 0x0000000007e429d0 code [0x0000000007e42bc0, 0x0000000007e43488]
Event: 892.396 Thread 0x00000000192b2800 32460       3       com.android.tools.r8.utils.X::c (4 bytes)
Event: 892.396 Thread 0x00000000192b2800 nmethod 32460 0x0000000007e1d010 code [0x0000000007e1d160, 0x0000000007e1d290]
Event: 892.397 Thread 0x00000000192b2800 32461       3       com.android.tools.r8.utils.X::doHash (41 bytes)
Event: 892.397 Thread 0x00000000192b2800 nmethod 32461 0x0000000007e43a10 code [0x0000000007e43ba0, 0x0000000007e44088]
Event: 892.397 Thread 0x00000000192b2800 32454       3       com.android.tools.r8.B.a.a.n::<init> (7 bytes)
Event: 892.397 Thread 0x00000000192b2800 nmethod 32454 0x0000000007e44250 code [0x0000000007e443c0, 0x0000000007e44548]
Event: 892.397 Thread 0x00000000192b2800 32455       3       com.android.tools.r8.B.a.a.n::<init> (66 bytes)
Event: 892.399 Thread 0x00000000192b2800 nmethod 32455 0x0000000007e445d0 code [0x0000000007e447c0, 0x0000000007e45138]
Event: 892.399 Thread 0x00000000192b2800 32456       3       com.android.tools.r8.graph.u0$c::a (578 bytes)

GC Heap History (10 events):
Event: 803.335 GC heap before
{Heap before GC invocations=24 (full 4):
 PSYoungGen      total 420864K, used 132434K [0x00000000d5580000, 0x00000000f5400000, 0x0000000100000000)
  eden space 361984K, 24% used [0x00000000d5580000,0x00000000dab9fbf8,0x00000000eb700000)
  from space 58880K, 75% used [0x00000000eb700000,0x00000000ee234ce8,0x00000000ef080000)
  to   space 62464K, 0% used [0x00000000f1700000,0x00000000f1700000,0x00000000f5400000)
 ParOldGen       total 290816K, used 109150K [0x0000000080000000, 0x0000000091c00000, 0x00000000d5580000)
  object space 290816K, 37% used [0x0000000080000000,0x0000000086a97b80,0x0000000091c00000)
 Metaspace       used 157291K, capacity 164262K, committed 164268K, reserved 1191936K
  class space    used 20288K, capacity 21626K, committed 21632K, reserved 1048576K
Event: 803.376 GC heap after
Heap after GC invocations=24 (full 4):
 PSYoungGen      total 454656K, used 52113K [0x00000000d5580000, 0x00000000f7680000, 0x0000000100000000)
  eden space 392192K, 0% used [0x00000000d5580000,0x00000000d5580000,0x00000000ed480000)
  from space 62464K, 83% used [0x00000000f1700000,0x00000000f49e44e8,0x00000000f5400000)
  to   space 68096K, 0% used [0x00000000ed480000,0x00000000ed480000,0x00000000f1700000)
 ParOldGen       total 290816K, used 109158K [0x0000000080000000, 0x0000000091c00000, 0x00000000d5580000)
  object space 290816K, 37% used [0x0000000080000000,0x0000000086a99b80,0x0000000091c00000)
 Metaspace       used 157291K, capacity 164262K, committed 164268K, reserved 1191936K
  class space    used 20288K, capacity 21626K, committed 21632K, reserved 1048576K
}
Event: 803.376 GC heap before
{Heap before GC invocations=25 (full 5):
 PSYoungGen      total 454656K, used 52113K [0x00000000d5580000, 0x00000000f7680000, 0x0000000100000000)
  eden space 392192K, 0% used [0x00000000d5580000,0x00000000d5580000,0x00000000ed480000)
  from space 62464K, 83% used [0x00000000f1700000,0x00000000f49e44e8,0x00000000f5400000)
  to   space 68096K, 0% used [0x00000000ed480000,0x00000000ed480000,0x00000000f1700000)
 ParOldGen       total 290816K, used 109158K [0x0000000080000000, 0x0000000091c00000, 0x00000000d5580000)
  object space 290816K, 37% used [0x0000000080000000,0x0000000086a99b80,0x0000000091c00000)
 Metaspace       used 157291K, capacity 164262K, committed 164268K, reserved 1191936K
  class space    used 20288K, capacity 21626K, committed 21632K, reserved 1048576K
Event: 803.625 GC heap after
Heap after GC invocations=25 (full 5):
 PSYoungGen      total 454656K, used 0K [0x00000000d5580000, 0x00000000f7680000, 0x0000000100000000)
  eden space 392192K, 0% used [0x00000000d5580000,0x00000000d5580000,0x00000000ed480000)
  from space 62464K, 0% used [0x00000000f1700000,0x00000000f1700000,0x00000000f5400000)
  to   space 68096K, 0% used [0x00000000ed480000,0x00000000ed480000,0x00000000f1700000)
 ParOldGen       total 290816K, used 108750K [0x0000000080000000, 0x0000000091c00000, 0x00000000d5580000)
  object space 290816K, 37% used [0x0000000080000000,0x0000000086a33810,0x0000000091c00000)
 Metaspace       used 157123K, capacity 163870K, committed 164268K, reserved 1191936K
  class space    used 20236K, capacity 21536K, committed 21632K, reserved 1048576K
}
Event: 816.396 GC heap before
{Heap before GC invocations=26 (full 5):
 PSYoungGen      total 454656K, used 392192K [0x00000000d5580000, 0x00000000f7680000, 0x0000000100000000)
  eden space 392192K, 100% used [0x00000000d5580000,0x00000000ed480000,0x00000000ed480000)
  from space 62464K, 0% used [0x00000000f1700000,0x00000000f1700000,0x00000000f5400000)
  to   space 68096K, 0% used [0x00000000ed480000,0x00000000ed480000,0x00000000f1700000)
 ParOldGen       total 290816K, used 108750K [0x0000000080000000, 0x0000000091c00000, 0x00000000d5580000)
  object space 290816K, 37% used [0x0000000080000000,0x0000000086a33810,0x0000000091c00000)
 Metaspace       used 158356K, capacity 165664K, committed 165888K, reserved 1193984K
  class space    used 20347K, capacity 21735K, committed 21760K, reserved 1048576K
Event: 816.440 GC heap after
Heap after GC invocations=26 (full 5):
 PSYoungGen      total 460288K, used 68076K [0x00000000d5580000, 0x00000000f7680000, 0x0000000100000000)
  eden space 392192K, 0% used [0x00000000d5580000,0x00000000d5580000,0x00000000ed480000)
  from space 68096K, 99% used [0x00000000ed480000,0x00000000f16fb1e8,0x00000000f1700000)
  to   space 62464K, 0% used [0x00000000f1700000,0x00000000f1700000,0x00000000f5400000)
 ParOldGen       total 290816K, used 109338K [0x0000000080000000, 0x0000000091c00000, 0x00000000d5580000)
  object space 290816K, 37% used [0x0000000080000000,0x0000000086ac6928,0x0000000091c00000)
 Metaspace       used 158356K, capacity 165664K, committed 165888K, reserved 1193984K
  class space    used 20347K, capacity 21735K, committed 21760K, reserved 1048576K
}
Event: 843.607 GC heap before
{Heap before GC invocations=27 (full 5):
 PSYoungGen      total 460288K, used 460268K [0x00000000d5580000, 0x00000000f7680000, 0x0000000100000000)
  eden space 392192K, 100% used [0x00000000d5580000,0x00000000ed480000,0x00000000ed480000)
  from space 68096K, 99% used [0x00000000ed480000,0x00000000f16fb1e8,0x00000000f1700000)
  to   space 62464K, 0% used [0x00000000f1700000,0x00000000f1700000,0x00000000f5400000)
 ParOldGen       total 290816K, used 109338K [0x0000000080000000, 0x0000000091c00000, 0x00000000d5580000)
  object space 290816K, 37% used [0x0000000080000000,0x0000000086ac6928,0x0000000091c00000)
 Metaspace       used 159609K, capacity 167560K, committed 167936K, reserved 1196032K
  class space    used 20463K, capacity 21889K, committed 22016K, reserved 1048576K
Event: 843.622 GC heap after
Heap after GC invocations=27 (full 5):
 PSYoungGen      total 448000K, used 35157K [0x00000000d5580000, 0x00000000f9a00000, 0x0000000100000000)
  eden space 385536K, 0% used [0x00000000d5580000,0x00000000d5580000,0x00000000ece00000)
  from space 62464K, 56% used [0x00000000f1700000,0x00000000f3955750,0x00000000f5400000)
  to   space 74752K, 0% used [0x00000000ece00000,0x00000000ece00000,0x00000000f1700000)
 ParOldGen       total 290816K, used 109346K [0x0000000080000000, 0x0000000091c00000, 0x00000000d5580000)
  object space 290816K, 37% used [0x0000000080000000,0x0000000086ac8928,0x0000000091c00000)
 Metaspace       used 159609K, capacity 167560K, committed 167936K, reserved 1196032K
  class space    used 20463K, capacity 21889K, committed 22016K, reserved 1048576K
}
Event: 875.669 GC heap before
{Heap before GC invocations=28 (full 5):
 PSYoungGen      total 448000K, used 420693K [0x00000000d5580000, 0x00000000f9a00000, 0x0000000100000000)
  eden space 385536K, 100% used [0x00000000d5580000,0x00000000ece00000,0x00000000ece00000)
  from space 62464K, 56% used [0x00000000f1700000,0x00000000f3955750,0x00000000f5400000)
  to   space 74752K, 0% used [0x00000000ece00000,0x00000000ece00000,0x00000000f1700000)
 ParOldGen       total 290816K, used 109346K [0x0000000080000000, 0x0000000091c00000, 0x00000000d5580000)
  object space 290816K, 37% used [0x0000000080000000,0x0000000086ac8928,0x0000000091c00000)
 Metaspace       used 163345K, capacity 172100K, committed 172288K, reserved 1200128K
  class space    used 20876K, capacity 22507K, committed 22528K, reserved 1048576K
Event: 875.684 GC heap after
Heap after GC invocations=28 (full 5):
 PSYoungGen      total 460288K, used 15190K [0x00000000d5580000, 0x00000000f8880000, 0x0000000100000000)
  eden space 385536K, 0% used [0x00000000d5580000,0x00000000d5580000,0x00000000ece00000)
  from space 74752K, 20% used [0x00000000ece00000,0x00000000edcd5970,0x00000000f1700000)
  to   space 74240K, 0% used [0x00000000f4000000,0x00000000f4000000,0x00000000f8880000)
 ParOldGen       total 290816K, used 109354K [0x0000000080000000, 0x0000000091c00000, 0x00000000d5580000)
  object space 290816K, 37% used [0x0000000080000000,0x0000000086aca928,0x0000000091c00000)
 Metaspace       used 163345K, capacity 172100K, committed 172288K, reserved 1200128K
  class space    used 20876K, capacity 22507K, committed 22528K, reserved 1048576K
}

Deoptimization events (10 events):
Event: 892.238 Thread 0x0000000023b21800 Uncommon trap: reason=class_check action=maybe_recompile pc=0x000000000735a888 method=com.google.common.io.LineReader.readLine()Ljava/lang/String; @ 41
Event: 892.240 Thread 0x0000000023b21800 Uncommon trap: reason=bimorphic action=maybe_recompile pc=0x0000000007d6e114 method=java.io.Writer.append(Ljava/lang/CharSequence;)Ljava/io/Writer; @ 20
Event: 892.254 Thread 0x0000000023b21800 Uncommon trap: reason=bimorphic action=maybe_recompile pc=0x0000000007d6e114 method=java.io.Writer.append(Ljava/lang/CharSequence;)Ljava/io/Writer; @ 20
Event: 892.257 Thread 0x0000000023b21800 Uncommon trap: reason=bimorphic action=maybe_recompile pc=0x0000000007d6e114 method=java.io.Writer.append(Ljava/lang/CharSequence;)Ljava/io/Writer; @ 20
Event: 892.259 Thread 0x0000000023b21800 Uncommon trap: reason=bimorphic action=maybe_recompile pc=0x0000000007d6e114 method=java.io.Writer.append(Ljava/lang/CharSequence;)Ljava/io/Writer; @ 20
Event: 892.270 Thread 0x0000000023b26000 Uncommon trap: reason=class_check action=maybe_recompile pc=0x0000000002ab42a8 method=org.gradle.internal.resources.DefaultResourceLockCoordinationService$DefaultResourceLockState.releaseLocks()V @ 37
Event: 892.271 Thread 0x0000000023b26000 Uncommon trap: reason=class_check action=maybe_recompile pc=0x0000000002ab42a8 method=org.gradle.internal.resources.DefaultResourceLockCoordinationService$DefaultResourceLockState.releaseLocks()V @ 37
Event: 892.274 Thread 0x0000000023b26000 Uncommon trap: reason=class_check action=maybe_recompile pc=0x0000000002ab42a8 method=org.gradle.internal.resources.DefaultResourceLockCoordinationService$DefaultResourceLockState.releaseLocks()V @ 37
Event: 892.275 Thread 0x0000000023b26000 Uncommon trap: reason=class_check action=maybe_recompile pc=0x0000000002ab42a8 method=org.gradle.internal.resources.DefaultResourceLockCoordinationService$DefaultResourceLockState.releaseLocks()V @ 37
Event: 892.382 Thread 0x00000000207b7000 Uncommon trap: reason=unstable_if action=reinterpret pc=0x00000000031ee084 method=java.io.BufferedReader.readLine(Z)Ljava/lang/String; @ 265

Classes redefined (0 events):
No events

Internal exceptions (10 events):
Event: 891.738 Thread 0x0000000023b1e000 Implicit null exception at 0x0000000007d3a347 to 0x0000000007d3c5a5
Event: 892.007 Thread 0x0000000023b1e000 Exception <a 'java/lang/NoSuchMethodError': <clinit>> (0x00000000e9367e50) thrown at [C:\ade\jenkins\workspace\8-2-build-windows-amd64-cygwin\jdk8u241\331\hotspot\src\share\vm\prims\jni.cpp, line 1614]
Event: 892.008 Thread 0x0000000023b1e000 Exception <a 'java/lang/NoSuchMethodError': <clinit>> (0x00000000e937bba8) thrown at [C:\ade\jenkins\workspace\8-2-build-windows-amd64-cygwin\jdk8u241\331\hotspot\src\share\vm\prims\jni.cpp, line 1614]
Event: 892.009 Thread 0x0000000023b1e000 Exception <a 'java/lang/NoSuchMethodError': <clinit>> (0x00000000e9393220) thrown at [C:\ade\jenkins\workspace\8-2-build-windows-amd64-cygwin\jdk8u241\331\hotspot\src\share\vm\prims\jni.cpp, line 1614]
Event: 892.185 Thread 0x0000000023b21800 Implicit null exception at 0x00000000076af574 to 0x00000000076af9e5
Event: 892.341 Thread 0x0000000023b26000 Exception <a 'sun/nio/fs/WindowsException'> (0x00000000eb525ce0) thrown at [C:\ade\jenkins\workspace\8-2-build-windows-amd64-cygwin\jdk8u241\331\hotspot\src\share\vm\prims\jni.cpp, line 710]
Event: 892.344 Thread 0x0000000023b24000 Exception <a 'sun/nio/fs/WindowsException'> (0x00000000eb6e8c20) thrown at [C:\ade\jenkins\workspace\8-2-build-windows-amd64-cygwin\jdk8u241\331\hotspot\src\share\vm\prims\jni.cpp, line 710]
Event: 892.354 Thread 0x0000000023b27000 Exception <a 'sun/nio/fs/WindowsException'> (0x00000000eb7cee68) thrown at [C:\ade\jenkins\workspace\8-2-build-windows-amd64-cygwin\jdk8u241\331\hotspot\src\share\vm\prims\jni.cpp, line 710]
Event: 892.380 Thread 0x0000000023b23000 Exception <a 'sun/nio/fs/WindowsException'> (0x00000000ebb54220) thrown at [C:\ade\jenkins\workspace\8-2-build-windows-amd64-cygwin\jdk8u241\331\hotspot\src\share\vm\prims\jni.cpp, line 710]
Event: 892.380 Thread 0x0000000023b27000 Exception <a 'sun/nio/fs/WindowsException'> (0x00000000ebc4f810) thrown at [C:\ade\jenkins\workspace\8-2-build-windows-amd64-cygwin\jdk8u241\331\hotspot\src\share\vm\prims\jni.cpp, line 710]

Events (10 events):
Event: 892.275 Thread 0x0000000023b26000 Uncommon trap: trap_request=0xffffffde fr.pc=0x0000000002ab42a8
Event: 892.275 Thread 0x0000000023b26000 DEOPT PACKING pc=0x0000000002ab42a8 sp=0x000000002b9fe700
Event: 892.275 Thread 0x0000000023b26000 DEOPT UNPACKING pc=0x000000000294583b sp=0x000000002b9fe698 mode 2
Event: 892.381 Thread 0x00000000207b7000 Uncommon trap: trap_request=0xffffff65 fr.pc=0x00000000031ee084
Event: 892.381 Executing VM operation: RevokeBias
Event: 892.382 Executing VM operation: RevokeBias done
Event: 892.382 Thread 0x00000000207b7000 DEOPT PACKING pc=0x00000000031ee084 sp=0x0000000034e5f720
Event: 892.382 Thread 0x00000000207b7000 DEOPT UNPACKING pc=0x000000000294583b sp=0x0000000034e5f720 mode 2
Event: 892.387 loading class com/android/tools/r8/graph/u0$a
Event: 892.387 loading class com/android/tools/r8/graph/u0$a done


Dynamic libraries:
0x00007ff6879d0000 - 0x00007ff687a07000 	C:\Program Files\Java\jdk1.8.0_241\bin\java.exe
0x00007ffc6be90000 - 0x00007ffc6c086000 	C:\WINDOWS\SYSTEM32\ntdll.dll
0x00007ffc6a590000 - 0x00007ffc6a64d000 	C:\WINDOWS\System32\KERNEL32.DLL
0x00007ffc69700000 - 0x00007ffc699c9000 	C:\WINDOWS\System32\KERNELBASE.dll
0x00007ffc6b760000 - 0x00007ffc6b80c000 	C:\WINDOWS\System32\ADVAPI32.dll
0x00007ffc6b810000 - 0x00007ffc6b8ae000 	C:\WINDOWS\System32\msvcrt.dll
0x00007ffc6bb90000 - 0x00007ffc6bc2c000 	C:\WINDOWS\System32\sechost.dll
0x00007ffc6bcf0000 - 0x00007ffc6be1b000 	C:\WINDOWS\System32\RPCRT4.dll
0x00007ffc6abf0000 - 0x00007ffc6ad90000 	C:\WINDOWS\System32\USER32.dll
0x00007ffc69c30000 - 0x00007ffc69c52000 	C:\WINDOWS\System32\win32u.dll
0x00007ffc69ff0000 - 0x00007ffc6a01a000 	C:\WINDOWS\System32\GDI32.dll
0x00007ffc69b20000 - 0x00007ffc69c29000 	C:\WINDOWS\System32\gdi32full.dll
0x00007ffc69cc0000 - 0x00007ffc69d5d000 	C:\WINDOWS\System32\msvcp_win.dll
0x00007ffc699d0000 - 0x00007ffc69ad0000 	C:\WINDOWS\System32\ucrtbase.dll
0x00007ffc689c0000 - 0x00007ffc68c5b000 	C:\WINDOWS\WinSxS\amd64_microsoft.windows.common-controls_6595b64144ccf1df_6.0.19041.488_none_ca04af081b815d21\COMCTL32.dll
0x00007ffc6b8b0000 - 0x00007ffc6b8e0000 	C:\WINDOWS\System32\IMM32.DLL
0x0000000065300000 - 0x00000000653d2000 	C:\Program Files\Java\jdk1.8.0_241\jre\bin\msvcr100.dll
0x0000000064a50000 - 0x00000000652fc000 	C:\Program Files\Java\jdk1.8.0_241\jre\bin\server\jvm.dll
0x00007ffc6bc30000 - 0x00007ffc6bc38000 	C:\WINDOWS\System32\PSAPI.DLL
0x00007ffc47100000 - 0x00007ffc47109000 	C:\WINDOWS\SYSTEM32\WSOCK32.dll
0x00007ffc4fd60000 - 0x00007ffc4fd87000 	C:\WINDOWS\SYSTEM32\WINMM.dll
0x00007ffc66f90000 - 0x00007ffc66f9a000 	C:\WINDOWS\SYSTEM32\VERSION.dll
0x00007ffc6b6f0000 - 0x00007ffc6b75b000 	C:\WINDOWS\System32\WS2_32.dll
0x00007ffc5b870000 - 0x00007ffc5b87f000 	C:\Program Files\Java\jdk1.8.0_241\jre\bin\verify.dll
0x00007ffc48ae0000 - 0x00007ffc48b09000 	C:\Program Files\Java\jdk1.8.0_241\jre\bin\java.dll
0x00007ffc48500000 - 0x00007ffc48516000 	C:\Program Files\Java\jdk1.8.0_241\jre\bin\zip.dll
0x00007ffc6ada0000 - 0x00007ffc6b4e2000 	C:\WINDOWS\System32\SHELL32.dll
0x00007ffc66730000 - 0x00007ffc66ec5000 	C:\WINDOWS\SYSTEM32\windows.storage.dll
0x00007ffc6a150000 - 0x00007ffc6a4a6000 	C:\WINDOWS\System32\combase.dll
0x00007ffc68920000 - 0x00007ffc6894c000 	C:\WINDOWS\SYSTEM32\Wldp.dll
0x00007ffc6bc40000 - 0x00007ffc6bcee000 	C:\WINDOWS\System32\SHCORE.dll
0x00007ffc6b8e0000 - 0x00007ffc6b935000 	C:\WINDOWS\System32\shlwapi.dll
0x00007ffc694d0000 - 0x00007ffc694f6000 	C:\WINDOWS\SYSTEM32\profapi.dll
0x00007ffc469e0000 - 0x00007ffc469fa000 	C:\Program Files\Java\jdk1.8.0_241\jre\bin\net.dll
0x00007ffc68600000 - 0x00007ffc6866a000 	C:\WINDOWS\system32\mswsock.dll
0x00007ffc46990000 - 0x00007ffc469a2000 	C:\Program Files\Java\jdk1.8.0_241\jre\bin\nio.dll
0x00007ffc2f130000 - 0x00007ffc2f156000 	C:\Users\frank\.gradle\native\31\windows-amd64\native-platform.dll
0x00007ffc48160000 - 0x00007ffc4816d000 	C:\Program Files\Java\jdk1.8.0_241\jre\bin\management.dll
0x00007ffc69330000 - 0x00007ffc69348000 	C:\WINDOWS\SYSTEM32\CRYPTSP.dll
0x00007ffc68000000 - 0x00007ffc68034000 	C:\WINDOWS\system32\rsaenh.dll
0x00007ffc69620000 - 0x00007ffc69647000 	C:\WINDOWS\System32\bcrypt.dll
0x00007ffc69490000 - 0x00007ffc694be000 	C:\WINDOWS\SYSTEM32\USERENV.dll
0x00007ffc695a0000 - 0x00007ffc69620000 	C:\WINDOWS\System32\bcryptprimitives.dll
0x00007ffc68840000 - 0x00007ffc6884c000 	C:\WINDOWS\SYSTEM32\CRYPTBASE.dll
0x00007ffc68330000 - 0x00007ffc6836b000 	C:\WINDOWS\SYSTEM32\IPHLPAPI.DLL
0x00007ffc6ad90000 - 0x00007ffc6ad98000 	C:\WINDOWS\System32\NSI.dll
0x00007ffc62da0000 - 0x00007ffc62db7000 	C:\WINDOWS\SYSTEM32\dhcpcsvc6.DLL
0x00007ffc62d40000 - 0x00007ffc62d5d000 	C:\WINDOWS\SYSTEM32\dhcpcsvc.DLL
0x00007ffc68370000 - 0x00007ffc6843b000 	C:\WINDOWS\SYSTEM32\DNSAPI.dll
0x00007ffc329a0000 - 0x00007ffc329c4000 	C:\Program Files\Java\jdk1.8.0_241\jre\bin\sunec.dll
0x0000000068ed0000 - 0x0000000068ef6000 	C:\Program Files\Bonjour\mdnsNSP.dll
0x00007ffc5c310000 - 0x00007ffc5c31a000 	C:\Windows\System32\rasadhlp.dll
0x00007ffc5be90000 - 0x00007ffc5bf0f000 	C:\WINDOWS\System32\fwpuclnt.dll
0x00007ffc48b20000 - 0x00007ffc48b2b000 	C:\Program Files\Java\jdk1.8.0_241\jre\bin\sunmscapi.dll
0x00007ffc69d60000 - 0x00007ffc69ebd000 	C:\WINDOWS\System32\CRYPT32.dll
0x00007ffc692f0000 - 0x00007ffc69323000 	C:\WINDOWS\SYSTEM32\ntmarta.dll
0x00007ffc1b890000 - 0x00007ffc1ba2a000 	C:\Program Files\Java\jdk1.8.0_241\jre\bin\awt.dll
0x00007ffc6a020000 - 0x00007ffc6a0ed000 	C:\WINDOWS\System32\OLEAUT32.dll
0x00007ffc658b0000 - 0x00007ffc65940000 	C:\WINDOWS\SYSTEM32\apphelp.dll
0x00007ffc66300000 - 0x00007ffc6632f000 	C:\WINDOWS\system32\DWMAPI.DLL
0x00007ffc65c50000 - 0x00007ffc65cee000 	C:\WINDOWS\system32\uxtheme.dll

VM Arguments:
jvm_args: -Xmx2048m -Dfile.encoding=GBK -Duser.country=CN -Duser.language=zh -Duser.variant 
java_command: org.gradle.launcher.daemon.bootstrap.GradleDaemon 6.1.1
java_class_path (initial): C:\Users\frank\.gradle\wrapper\dists\gradle-6.1.1-all\cfmwm155h49vnt3hynmlrsdst\gradle-6.1.1\lib\gradle-launcher-6.1.1.jar
Launcher Type: SUN_STANDARD

Environment Variables:
JAVA_HOME=C:\Program Files\Java\jdk1.8.0_241
PATH=C:\Program Files (x86)\Common Files\Oracle\Java\javapath;C:\Windows\system32;C:\Windows;C:\Windows\System32\Wbem;C:\Windows\System32\WindowsPowerShell\v1.0\;C:\Windows\System32\OpenSSH\;C:\Program Files\NVIDIA Corporation\NVIDIA NvDLISR;C:\Program Files\Intel\WiFi\bin\;C:\Program Files\Common Files\Intel\WirelessCommon\;C:\Users\frank\AppData\Local\Programs\Python\Python37-32;C:\Program Files (x86)\NVIDIA Corporation\PhysX\Common;C:\Program Files\Java\jdk1.8.0_241\bin;C:\ProgramData\chocolatey\bin;C:\WINDOWS\system32;C:\WINDOWS;C:\WINDOWS\System32\Wbem;C:\WINDOWS\System32\WindowsPowerShell\v1.0\;C:\WINDOWS\System32\OpenSSH\;C:\Users\frank\AppData\Local\Programs\Python\Python37-32\Scripts\;C:\Users\frank\AppData\Local\Programs\Python\Python37-32\;C:\Users\frank\AppData\Local\Microsoft\WindowsApps;C:\Program Files\Bandizip\;C:\ProgramData\chocolatey\lib\gsudo\bin\;
USERNAME=frank
OS=Windows_NT
PROCESSOR_IDENTIFIER=Intel64 Family 6 Model 158 Stepping 10, GenuineIntel



---------------  S Y S T E M  ---------------

OS: Windows 10.0 , 64 bit Build 19041 (10.0.19041.662)

CPU:total 12 (initial active 12) (6 cores per cpu, 2 threads per core) family 6 model 158 stepping 10, cmov, cx8, fxsr, mmx, sse, sse2, sse3, ssse3, sse4.1, sse4.2, popcnt, avx, avx2, aes, clmul, erms, 3dnowpref, lzcnt, ht, tsc, tscinvbit, bmi1, bmi2, adx

Memory: 4k page, physical 16650584k(2773544k free), swap 20844888k(2564k free)

vm_info: Java HotSpot(TM) 64-Bit Server VM (25.241-b07) for windows-amd64 JRE (1.8.0_241-b07), built on Dec 11 2019 10:21:40 by "rejava" with MS VC++ 10.0 (VS2010)

time: Sun Dec 20 14:56:31 2020
timezone: 东部标准时间
elapsed time: 892 seconds (0d 0h 14m 52s)

